2025-11-19 19:42:21,256-0800 INFO  miktex - this is One MiKTeX Utility 1.9 (MiKTeX 24.1 Portable)
2025-11-19 19:42:21,256-0800 INFO  miktex - this process (7552) started by miktex-portable in directory D:\ with command line: miktex --disable-installer --verbose fndb remove
2025-11-19 19:42:21,257-0800 INFO  miktex - Removing D:\miktex-portable\texmfs\config\miktex\data\le\texmf.fndb-5...
2025-11-19 19:42:21,257-0800 ERROR miktex.core - The system cannot find the path specified.

2025-11-19 19:42:21,257-0800 ERROR miktex.core - Function: GetFileAttributesW
2025-11-19 19:42:21,257-0800 ERROR miktex.core - Result: 3
2025-11-19 19:42:21,257-0800 ERROR miktex.core - Data: path="D:\miktex-portable\texmfs/config\miktex/data/le\texmf.fndb-5"
2025-11-19 19:42:21,257-0800 ERROR miktex.core - Source: Libraries\MiKTeX\Core\File\win\winFile.cpp:132
2025-11-19 19:42:21,257-0800 FATAL miktex - Windows API error 3: The system cannot find the path specified.

2025-11-19 19:42:21,257-0800 FATAL miktex - Info: path="D:\miktex-portable\texmfs/config\miktex/data/le\texmf.fndb-5"
2025-11-19 19:42:21,258-0800 FATAL miktex - Source: Libraries\MiKTeX\Core\File\win\winFile.cpp
2025-11-19 19:42:21,258-0800 FATAL miktex - Line: 132
2025-11-19 19:42:21,258-0800 INFO  miktex - this process (7552) finishes with exit code 1
2025-11-19 19:42:21,846-0800 INFO  miktex - this is One MiKTeX Utility 1.9 (MiKTeX 24.1 Portable)
2025-11-19 19:42:21,846-0800 INFO  miktex - this process (396) started by miktex-portable in directory D:\ with command line: miktex --disable-installer --verbose fndb refresh
2025-11-19 19:42:21,846-0800 INFO  miktex - Creating FNDB for common root directory (D:\miktex-portable\texmfs\config)...
2025-11-19 19:42:21,888-0800 INFO  miktex - Creating FNDB for common root directory (D:\miktex-portable\texmfs\data)...
2025-11-19 19:42:21,949-0800 INFO  miktex - Creating FNDB for common root directory (D:\miktex-portable\texmfs\install)...
2025-11-19 19:42:23,752-0800 WARN  miktex.packagemanager - dependency problem: showframe is required by _miktex-latex-packages
2025-11-19 19:42:23,752-0800 WARN  miktex.packagemanager - dependency problem: thailatex is required by _miktex-latex-packages
2025-11-19 19:42:23,754-0800 WARN  miktex.packagemanager - dependency problem: luxi is required by _miktex-fonts-type1
2025-11-19 19:42:23,809-0800 INFO  miktex - Refreshing FNDB for MPM...
2025-11-19 19:42:26,254-0800 INFO  miktex - this process (396) finishes with exit code 0
2025-11-19 19:42:26,485-0800 INFO  miktex - this is One MiKTeX Utility 1.9 (MiKTeX 24.1 Portable)
2025-11-19 19:42:26,486-0800 INFO  miktex - this process (9380) started by miktex-portable in directory D:\ with command line: miktex --disable-installer --verbose links install --force
2025-11-19 19:42:26,486-0800 INFO  miktex - Installing links in target directory D:\miktex-portable\texmfs\install\miktex\bin\x64...
2025-11-19 19:43:20,323-0800 INFO  miktex - this process (9380) finishes with exit code 0
2025-11-19 19:43:20,666-0800 INFO  miktex - this is One MiKTeX Utility 1.9 (MiKTeX 24.1 Portable)
2025-11-19 19:43:20,668-0800 INFO  miktex - this process (5304) started by miktex-portable in directory D:\ with command line: miktex --disable-installer --verbose fontmaps configure
2025-11-19 19:43:20,669-0800 INFO  miktex - Parsing configuration file D:\miktex-portable\texmfs\install\miktex/config\updmap.cfg...
2025-11-19 19:43:20,817-0800 INFO  miktex - Writing D:\miktex-portable\texmfs/data\fonts\map\dvipdfmx\kanjix.map...
2025-11-19 19:43:20,867-0800 INFO  miktex - Writing D:\miktex-portable\texmfs/data\fonts\map\dvips\builtin35.map...
2025-11-19 19:43:20,897-0800 INFO  miktex - Writing D:\miktex-portable\texmfs/data\fonts\map\dvips\download35.map...
2025-11-19 19:43:20,926-0800 INFO  miktex - Writing D:\miktex-portable\texmfs/data\fonts\map\dvips\ps2pk.map...
2025-11-19 19:43:20,960-0800 INFO  miktex - Writing D:\miktex-portable\texmfs/data\fonts\map\dvips\psfonts_pk.map...
2025-11-19 19:43:20,994-0800 INFO  miktex - Writing D:\miktex-portable\texmfs/data\fonts\map\dvips\psfonts_t1.map...
2025-11-19 19:43:21,044-0800 INFO  miktex - Writing D:\miktex-portable\texmfs/data\fonts\map\pdftex\pdftex_dl14.map...
2025-11-19 19:43:21,079-0800 INFO  miktex - Writing D:\miktex-portable\texmfs/data\fonts\map\pdftex\pdftex_ndl14.map...
2025-11-19 19:43:21,114-0800 INFO  miktex - Copying D:\miktex-portable\texmfs/data\fonts\map\dvips\psfonts_t1.map
2025-11-19 19:43:21,114-0800 INFO  miktex -      to D:\miktex-portable\texmfs/data\fonts\map\dvips\psfonts.map...
2025-11-19 19:43:21,136-0800 INFO  miktex - Copying D:\miktex-portable\texmfs/data\fonts\map\pdftex\pdftex_dl14.map
2025-11-19 19:43:21,137-0800 INFO  miktex -      to D:\miktex-portable\texmfs/data\fonts\map\pdftex\pdftex.map...
2025-11-19 19:43:23,422-0800 INFO  miktex - running: miktex-fc-cache --verbose --miktex-disable-maintenance --miktex-disable-diagnose
2025-11-19 19:43:23,422-0800 INFO  miktex.core - start process: miktex-fc-cache --verbose --miktex-disable-maintenance --miktex-disable-diagnose
2025-11-19 19:43:25,640-0800 INFO  miktex - C:/WINDOWS/Fonts: skipping, existing cache is valid: 843 fonts, 0 dirs
2025-11-19 19:43:25,640-0800 INFO  miktex - D:/miktex-portable/texmfs/install/fonts/opentype: skipping, existing cache is valid: 0 fonts, 1 dirs
2025-11-19 19:43:25,640-0800 INFO  miktex - D:/miktex-portable/texmfs/install/fonts/opentype/public: skipping, existing cache is valid: 0 fonts, 1 dirs
2025-11-19 19:43:25,641-0800 INFO  miktex - D:/miktex-portable/texmfs/install/fonts/opentype/public/lm: skipping, existing cache is valid: 72 fonts, 0 dirs
2025-11-19 19:43:25,641-0800 INFO  miktex - C:/Users/mod/.local/share/fonts: skipping, no such directory
2025-11-19 19:43:25,641-0800 INFO  miktex - C:/Users/mod/.fonts: skipping, no such directory
2025-11-19 19:43:25,641-0800 INFO  miktex - D:/miktex-portable/texmfs/install/fonts/opentype/public: skipping, looped directory detected
2025-11-19 19:43:25,745-0800 INFO  miktex - D:/miktex-portable/texmfs/install/fonts/opentype/public/lm: skipping, looped directory detected
2025-11-19 19:43:25,745-0800 INFO  miktex - D:/miktex-portable/texmfs/data/fontconfig/cache: cleaning cache directory
2025-11-19 19:43:25,745-0800 INFO  miktex - C:/Users/mod/.cache/fontconfig: not cleaning non-existent cache directory
2025-11-19 19:43:25,746-0800 INFO  miktex - C:/Users/mod/.fontconfig: not cleaning non-existent cache directory
2025-11-19 19:43:25,746-0800 INFO  miktex - miktex-fc-cache: succeeded
2025-11-19 19:43:25,751-0800 WARN  miktex.core - still open: D:\miktex-portable\texmfs\install\fontconfig/config\fonts.conf.in
2025-11-19 19:43:25,751-0800 WARN  miktex.core - still open: D:\miktex-portable\texmfs/config\fontconfig\config\fonts.conf
2025-11-19 19:43:25,751-0800 INFO  miktex - this process (5304) finishes with exit code 0
2025-11-19 19:43:25,985-0800 INFO  miktex - this is One MiKTeX Utility 1.9 (MiKTeX 24.1 Portable)
2025-11-19 19:43:25,985-0800 INFO  miktex - this process (10712) started by miktex-portable in directory D:\ with command line: miktex --disable-installer --verbose languages configure
2025-11-19 19:43:25,985-0800 INFO  miktex - Creating language.dat, language.dat.lua and language.def...
2025-11-19 19:43:26,187-0800 INFO  miktex - this process (10712) finishes with exit code 0
2025-11-19 19:43:27,018-0800 INFO  miktex - this is One MiKTeX Utility 1.9 (MiKTeX 24.1 Portable)
2025-11-19 19:43:27,019-0800 INFO  miktex - this process (16500) started by miktex-portable in directory D:\ with command line: miktex --disable-installer --verbose fndb refresh
2025-11-19 19:43:27,066-0800 INFO  miktex - Creating FNDB for common root directory (D:\miktex-portable\texmfs\config)...
2025-11-19 19:43:27,117-0800 INFO  miktex - Creating FNDB for common root directory (D:\miktex-portable\texmfs\data)...
2025-11-19 19:43:27,159-0800 INFO  miktex - Creating FNDB for common root directory (D:\miktex-portable\texmfs\install)...
2025-11-19 19:43:28,950-0800 WARN  miktex.packagemanager - dependency problem: showframe is required by _miktex-latex-packages
2025-11-19 19:43:28,950-0800 WARN  miktex.packagemanager - dependency problem: thailatex is required by _miktex-latex-packages
2025-11-19 19:43:28,951-0800 WARN  miktex.packagemanager - dependency problem: luxi is required by _miktex-fonts-type1
2025-11-19 19:43:29,005-0800 INFO  miktex - Refreshing FNDB for MPM...
2025-11-19 19:43:33,399-0800 INFO  miktex - this process (16500) finishes with exit code 0
2025-11-19 19:46:14,174-0800 INFO  miktex - this is One MiKTeX Utility 1.9 (MiKTeX 24.1 Portable)
2025-11-19 19:46:14,175-0800 INFO  miktex - this process (17144) started by miktex-console in directory D:\miktex-portable with command line: miktex fontmaps configure
2025-11-19 19:46:14,175-0800 INFO  miktex - Parsing configuration file D:\miktex-portable\texmfs\install\miktex/config\updmap.cfg...
2025-11-19 19:46:14,271-0800 INFO  miktex - Writing D:\miktex-portable\texmfs/data\fonts\map\dvipdfmx\kanjix.map...
2025-11-19 19:46:14,280-0800 INFO  miktex - Writing D:\miktex-portable\texmfs/data\fonts\map\dvips\builtin35.map...
2025-11-19 19:46:14,300-0800 INFO  miktex - Writing D:\miktex-portable\texmfs/data\fonts\map\dvips\download35.map...
2025-11-19 19:46:14,320-0800 INFO  miktex - Writing D:\miktex-portable\texmfs/data\fonts\map\dvips\ps2pk.map...
2025-11-19 19:46:14,343-0800 INFO  miktex - Writing D:\miktex-portable\texmfs/data\fonts\map\dvips\psfonts_pk.map...
2025-11-19 19:46:14,366-0800 INFO  miktex - Writing D:\miktex-portable\texmfs/data\fonts\map\dvips\psfonts_t1.map...
2025-11-19 19:46:14,391-0800 INFO  miktex - Writing D:\miktex-portable\texmfs/data\fonts\map\pdftex\pdftex_dl14.map...
2025-11-19 19:46:14,415-0800 INFO  miktex - Writing D:\miktex-portable\texmfs/data\fonts\map\pdftex\pdftex_ndl14.map...
2025-11-19 19:46:14,440-0800 INFO  miktex - Copying D:\miktex-portable\texmfs/data\fonts\map\dvips\psfonts_t1.map
2025-11-19 19:46:14,440-0800 INFO  miktex -      to D:\miktex-portable\texmfs/data\fonts\map\dvips\psfonts.map...
2025-11-19 19:46:14,451-0800 INFO  miktex - Copying D:\miktex-portable\texmfs/data\fonts\map\pdftex\pdftex_dl14.map
2025-11-19 19:46:14,451-0800 INFO  miktex -      to D:\miktex-portable\texmfs/data\fonts\map\pdftex\pdftex.map...
2025-11-19 19:46:14,487-0800 INFO  miktex - running: miktex-fc-cache --miktex-disable-maintenance --miktex-disable-diagnose
2025-11-19 19:46:14,487-0800 INFO  miktex.core - start process: miktex-fc-cache --miktex-disable-maintenance --miktex-disable-diagnose
2025-11-19 19:46:14,905-0800 WARN  miktex.core - still open: D:\miktex-portable\texmfs\install\fontconfig/config\fonts.conf.in
2025-11-19 19:46:14,905-0800 WARN  miktex.core - still open: D:\miktex-portable\texmfs/config\fontconfig\config\fonts.conf
2025-11-19 19:46:14,905-0800 INFO  miktex - this process (17144) finishes with exit code 0
2025-11-19 19:56:52,254-0800 INFO  miktex - this is One MiKTeX Utility 1.11 (MiKTeX 25.4 Portable)
2025-11-19 19:56:52,254-0800 INFO  miktex - this process (15584) started by miktex-console in directory D:\miktex-portable with command line: miktex fontmaps configure
2025-11-19 19:56:52,255-0800 INFO  miktex - Parsing configuration file D:\miktex-portable\texmfs\install\miktex/config\updmap.cfg...
2025-11-19 19:56:52,352-0800 INFO  miktex - Writing D:\miktex-portable\texmfs/data\fonts\map\dvipdfmx\kanjix.map...
2025-11-19 19:56:52,362-0800 INFO  miktex - Writing D:\miktex-portable\texmfs/data\fonts\map\dvips\builtin35.map...
2025-11-19 19:56:52,382-0800 INFO  miktex - Writing D:\miktex-portable\texmfs/data\fonts\map\dvips\download35.map...
2025-11-19 19:56:52,402-0800 INFO  miktex - Writing D:\miktex-portable\texmfs/data\fonts\map\dvips\ps2pk.map...
2025-11-19 19:56:52,425-0800 INFO  miktex - Writing D:\miktex-portable\texmfs/data\fonts\map\dvips\psfonts_pk.map...
2025-11-19 19:56:52,449-0800 INFO  miktex - Writing D:\miktex-portable\texmfs/data\fonts\map\dvips\psfonts_t1.map...
2025-11-19 19:56:52,473-0800 INFO  miktex - Writing D:\miktex-portable\texmfs/data\fonts\map\pdftex\pdftex_dl14.map...
2025-11-19 19:56:52,497-0800 INFO  miktex - Writing D:\miktex-portable\texmfs/data\fonts\map\pdftex\pdftex_ndl14.map...
2025-11-19 19:56:52,521-0800 INFO  miktex - Copying D:\miktex-portable\texmfs/data\fonts\map\dvips\psfonts_t1.map
2025-11-19 19:56:52,521-0800 INFO  miktex -      to D:\miktex-portable\texmfs/data\fonts\map\dvips\psfonts.map...
2025-11-19 19:56:52,533-0800 INFO  miktex - Copying D:\miktex-portable\texmfs/data\fonts\map\pdftex\pdftex_dl14.map
2025-11-19 19:56:52,533-0800 INFO  miktex -      to D:\miktex-portable\texmfs/data\fonts\map\pdftex\pdftex.map...
2025-11-19 19:56:52,577-0800 INFO  miktex - running: miktex-fc-cache --miktex-disable-maintenance --miktex-disable-diagnose
2025-11-19 19:56:52,577-0800 INFO  miktex.core - start process: miktex-fc-cache --miktex-disable-maintenance --miktex-disable-diagnose
2025-11-19 19:56:53,054-0800 WARN  miktex.core - still open: D:\miktex-portable\texmfs\install\fontconfig/config\fonts.conf.in
2025-11-19 19:56:53,054-0800 WARN  miktex.core - still open: D:\miktex-portable\texmfs/config\fontconfig\config\fonts.conf
2025-11-19 19:56:53,054-0800 INFO  miktex - this process (15584) finishes with exit code 0
2025-11-19 19:56:53,875-0800 INFO  miktex - this is One MiKTeX Utility 1.11 (MiKTeX 25.4 Portable)
2025-11-19 19:56:53,875-0800 INFO  miktex - this process (2840) started by miktex-console in directory D:\miktex-portable with command line: miktex --disable-installer --verbose fndb refresh
2025-11-19 19:56:53,926-0800 INFO  miktex - Creating FNDB for common root directory (D:\miktex-portable\texmfs\config)...
2025-11-19 19:56:53,974-0800 INFO  miktex - Creating FNDB for common root directory (D:\miktex-portable\texmfs\data)...
2025-11-19 19:56:54,029-0800 INFO  miktex - Creating FNDB for common root directory (D:\miktex-portable\texmfs\install)...
2025-11-19 19:56:54,052-0800 ERROR miktex.core - Access is denied.

2025-11-19 19:56:54,052-0800 ERROR miktex.core - Function: DeleteFileW
2025-11-19 19:56:54,052-0800 ERROR miktex.core - Result: 5
2025-11-19 19:56:54,052-0800 ERROR miktex.core - Data: path="D:\miktex-portable\texmfs\install\miktex\bin\x64\MiKTeX240100-bzip2.dll.(old)"
2025-11-19 19:56:54,052-0800 ERROR miktex.core - Source: Libraries\MiKTeX\Core\File\win\winFile.cpp:320
2025-11-19 19:56:54,052-0800 ERROR miktex.core - Access is denied.

2025-11-19 19:56:54,052-0800 ERROR miktex.core - Function: DeleteFileW
2025-11-19 19:56:54,052-0800 ERROR miktex.core - Result: 5
2025-11-19 19:56:54,052-0800 ERROR miktex.core - Data: path="D:\miktex-portable\texmfs\install\miktex\bin\x64\miktex-console.exe.(old)"
2025-11-19 19:56:54,052-0800 ERROR miktex.core - Source: Libraries\MiKTeX\Core\File\win\winFile.cpp:320
2025-11-19 19:56:54,052-0800 ERROR miktex.core - Access is denied.

2025-11-19 19:56:54,053-0800 ERROR miktex.core - Function: DeleteFileW
2025-11-19 19:56:54,053-0800 ERROR miktex.core - Result: 5
2025-11-19 19:56:54,053-0800 ERROR miktex.core - Data: path="D:\miktex-portable\texmfs\install\miktex\bin\x64\MiKTeX240100-curl.dll.(old)"
2025-11-19 19:56:54,053-0800 ERROR miktex.core - Source: Libraries\MiKTeX\Core\File\win\winFile.cpp:320
2025-11-19 19:56:54,053-0800 ERROR miktex.core - Access is denied.

2025-11-19 19:56:54,053-0800 ERROR miktex.core - Function: DeleteFileW
2025-11-19 19:56:54,053-0800 ERROR miktex.core - Result: 5
2025-11-19 19:56:54,053-0800 ERROR miktex.core - Data: path="D:\miktex-portable\texmfs\install\miktex\bin\x64\MiKTeX240100-expat.dll.(old)"
2025-11-19 19:56:54,053-0800 ERROR miktex.core - Source: Libraries\MiKTeX\Core\File\win\winFile.cpp:320
2025-11-19 19:56:54,053-0800 ERROR miktex.core - Access is denied.

2025-11-19 19:56:54,053-0800 ERROR miktex.core - Function: DeleteFileW
2025-11-19 19:56:54,053-0800 ERROR miktex.core - Result: 5
2025-11-19 19:56:54,053-0800 ERROR miktex.core - Data: path="D:\miktex-portable\texmfs\install\miktex\bin\x64\MiKTeX240100-fmt.dll.(old)"
2025-11-19 19:56:54,053-0800 ERROR miktex.core - Source: Libraries\MiKTeX\Core\File\win\winFile.cpp:320
2025-11-19 19:56:54,053-0800 ERROR miktex.core - Access is denied.

2025-11-19 19:56:54,053-0800 ERROR miktex.core - Function: DeleteFileW
2025-11-19 19:56:54,053-0800 ERROR miktex.core - Result: 5
2025-11-19 19:56:54,053-0800 ERROR miktex.core - Data: path="D:\miktex-portable\texmfs\install\miktex\bin\x64\MiKTeX240100-libressl-crypto.dll.(old)"
2025-11-19 19:56:54,053-0800 ERROR miktex.core - Source: Libraries\MiKTeX\Core\File\win\winFile.cpp:320
2025-11-19 19:56:54,054-0800 ERROR miktex.core - Access is denied.

2025-11-19 19:56:54,054-0800 ERROR miktex.core - Function: DeleteFileW
2025-11-19 19:56:54,054-0800 ERROR miktex.core - Result: 5
2025-11-19 19:56:54,054-0800 ERROR miktex.core - Data: path="D:\miktex-portable\texmfs\install\miktex\bin\x64\MiKTeX240100-apr.dll.(old)"
2025-11-19 19:56:54,054-0800 ERROR miktex.core - Source: Libraries\MiKTeX\Core\File\win\winFile.cpp:320
2025-11-19 19:56:54,054-0800 ERROR miktex.core - Access is denied.

2025-11-19 19:56:54,054-0800 ERROR miktex.core - Function: DeleteFileW
2025-11-19 19:56:54,054-0800 ERROR miktex.core - Result: 5
2025-11-19 19:56:54,054-0800 ERROR miktex.core - Data: path="D:\miktex-portable\texmfs\install\miktex\bin\x64\MiKTeX240100-log4cxx.dll.(old)"
2025-11-19 19:56:54,054-0800 ERROR miktex.core - Source: Libraries\MiKTeX\Core\File\win\winFile.cpp:320
2025-11-19 19:56:54,054-0800 ERROR miktex.core - Access is denied.

2025-11-19 19:56:54,054-0800 ERROR miktex.core - Function: DeleteFileW
2025-11-19 19:56:54,054-0800 ERROR miktex.core - Result: 5
2025-11-19 19:56:54,054-0800 ERROR miktex.core - Data: path="D:\miktex-portable\texmfs\install\miktex\bin\x64\MiKTeX240100-aprutil.dll.(old)"
2025-11-19 19:56:54,055-0800 ERROR miktex.core - Source: Libraries\MiKTeX\Core\File\win\winFile.cpp:320
2025-11-19 19:56:54,055-0800 ERROR miktex.core - Access is denied.

2025-11-19 19:56:54,055-0800 ERROR miktex.core - Function: DeleteFileW
2025-11-19 19:56:54,055-0800 ERROR miktex.core - Result: 5
2025-11-19 19:56:54,055-0800 ERROR miktex.core - Data: path="D:\miktex-portable\texmfs\install\miktex\bin\x64\MiKTeX240100-lzma2.dll.(old)"
2025-11-19 19:56:54,055-0800 ERROR miktex.core - Source: Libraries\MiKTeX\Core\File\win\winFile.cpp:320
2025-11-19 19:56:54,055-0800 ERROR miktex.core - Access is denied.

2025-11-19 19:56:54,055-0800 ERROR miktex.core - Function: DeleteFileW
2025-11-19 19:56:54,055-0800 ERROR miktex.core - Result: 5
2025-11-19 19:56:54,055-0800 ERROR miktex.core - Data: path="D:\miktex-portable\texmfs\install\miktex\bin\x64\MiKTeX240100-md5.dll.(old)"
2025-11-19 19:56:54,055-0800 ERROR miktex.core - Source: Libraries\MiKTeX\Core\File\win\winFile.cpp:320
2025-11-19 19:56:54,055-0800 ERROR miktex.core - Access is denied.

2025-11-19 19:56:54,055-0800 ERROR miktex.core - Function: DeleteFileW
2025-11-19 19:56:54,055-0800 ERROR miktex.core - Result: 5
2025-11-19 19:56:54,055-0800 ERROR miktex.core - Data: path="D:\miktex-portable\texmfs\install\miktex\bin\x64\MiKTeX240100-mspack.dll.(old)"
2025-11-19 19:56:54,055-0800 ERROR miktex.core - Source: Libraries\MiKTeX\Core\File\win\winFile.cpp:320
2025-11-19 19:56:54,056-0800 ERROR miktex.core - Access is denied.

2025-11-19 19:56:54,056-0800 ERROR miktex.core - Function: DeleteFileW
2025-11-19 19:56:54,056-0800 ERROR miktex.core - Result: 5
2025-11-19 19:56:54,056-0800 ERROR miktex.core - Data: path="D:\miktex-portable\texmfs\install\miktex\bin\x64\MiKTeX240100-popt.dll.(old)"
2025-11-19 19:56:54,056-0800 ERROR miktex.core - Source: Libraries\MiKTeX\Core\File\win\winFile.cpp:320
2025-11-19 19:56:54,056-0800 ERROR miktex.core - Access is denied.

2025-11-19 19:56:54,056-0800 ERROR miktex.core - Function: DeleteFileW
2025-11-19 19:56:54,056-0800 ERROR miktex.core - Result: 5
2025-11-19 19:56:54,056-0800 ERROR miktex.core - Data: path="D:\miktex-portable\texmfs\install\miktex\bin\x64\MiKTeX240100-ui-Qt.dll.(old)"
2025-11-19 19:56:54,056-0800 ERROR miktex.core - Source: Libraries\MiKTeX\Core\File\win\winFile.cpp:320
2025-11-19 19:56:54,056-0800 ERROR miktex.core - Access is denied.

2025-11-19 19:56:54,056-0800 ERROR miktex.core - Function: DeleteFileW
2025-11-19 19:56:54,056-0800 ERROR miktex.core - Result: 5
2025-11-19 19:56:54,056-0800 ERROR miktex.core - Data: path="D:\miktex-portable\texmfs\install\miktex\bin\x64\MiKTeX240100-setup.dll.(old)"
2025-11-19 19:56:54,056-0800 ERROR miktex.core - Source: Libraries\MiKTeX\Core\File\win\winFile.cpp:320
2025-11-19 19:56:54,057-0800 ERROR miktex.core - Access is denied.

2025-11-19 19:56:54,057-0800 ERROR miktex.core - Function: DeleteFileW
2025-11-19 19:56:54,057-0800 ERROR miktex.core - Result: 5
2025-11-19 19:56:54,057-0800 ERROR miktex.core - Data: path="D:\miktex-portable\texmfs\install\miktex\bin\x64\MiKTeX240100-res.dll.(old)"
2025-11-19 19:56:54,057-0800 ERROR miktex.core - Source: Libraries\MiKTeX\Core\File\win\winFile.cpp:320
2025-11-19 19:56:54,057-0800 ERROR miktex.core - Access is denied.

2025-11-19 19:56:54,057-0800 ERROR miktex.core - Function: DeleteFileW
2025-11-19 19:56:54,057-0800 ERROR miktex.core - Result: 5
2025-11-19 19:56:54,057-0800 ERROR miktex.core - Data: path="D:\miktex-portable\texmfs\install\miktex\bin\x64\MiKTeX240100-trace.dll.(old)"
2025-11-19 19:56:54,057-0800 ERROR miktex.core - Source: Libraries\MiKTeX\Core\File\win\winFile.cpp:320
2025-11-19 19:56:54,057-0800 ERROR miktex.core - Access is denied.

2025-11-19 19:56:54,057-0800 ERROR miktex.core - Function: DeleteFileW
2025-11-19 19:56:54,057-0800 ERROR miktex.core - Result: 5
2025-11-19 19:56:54,057-0800 ERROR miktex.core - Data: path="D:\miktex-portable\texmfs\install\miktex\bin\x64\MiKTeX240100-core.dll.(old)"
2025-11-19 19:56:54,057-0800 ERROR miktex.core - Source: Libraries\MiKTeX\Core\File\win\winFile.cpp:320
2025-11-19 19:56:54,057-0800 ERROR miktex.core - Access is denied.

2025-11-19 19:56:54,057-0800 ERROR miktex.core - Function: DeleteFileW
2025-11-19 19:56:54,057-0800 ERROR miktex.core - Result: 5
2025-11-19 19:56:54,057-0800 ERROR miktex.core - Data: path="D:\miktex-portable\texmfs\install\miktex\bin\x64\MiKTeX240100-util.dll.(old)"
2025-11-19 19:56:54,057-0800 ERROR miktex.core - Source: Libraries\MiKTeX\Core\File\win\winFile.cpp:320
2025-11-19 19:56:54,058-0800 ERROR miktex.core - Access is denied.

2025-11-19 19:56:54,058-0800 ERROR miktex.core - Function: DeleteFileW
2025-11-19 19:56:54,058-0800 ERROR miktex.core - Result: 5
2025-11-19 19:56:54,058-0800 ERROR miktex.core - Data: path="D:\miktex-portable\texmfs\install\miktex\bin\x64\MiKTeX240100-loc.dll.(old)"
2025-11-19 19:56:54,058-0800 ERROR miktex.core - Source: Libraries\MiKTeX\Core\File\win\winFile.cpp:320
2025-11-19 19:56:54,058-0800 ERROR miktex.core - Access is denied.

2025-11-19 19:56:54,058-0800 ERROR miktex.core - Function: DeleteFileW
2025-11-19 19:56:54,058-0800 ERROR miktex.core - Result: 5
2025-11-19 19:56:54,058-0800 ERROR miktex.core - Data: path="D:\miktex-portable\texmfs\install\miktex\bin\x64\MiKTeX240100-packagemanager.dll.(old)"
2025-11-19 19:56:54,058-0800 ERROR miktex.core - Source: Libraries\MiKTeX\Core\File\win\winFile.cpp:320
2025-11-19 19:56:54,058-0800 ERROR miktex.core - Access is denied.

2025-11-19 19:56:54,058-0800 ERROR miktex.core - Function: DeleteFileW
2025-11-19 19:56:54,058-0800 ERROR miktex.core - Result: 5
2025-11-19 19:56:54,058-0800 ERROR miktex.core - Data: path="D:\miktex-portable\texmfs\install\miktex\bin\x64\msvcp140_codecvt_ids.dll.(old)"
2025-11-19 19:56:54,058-0800 ERROR miktex.core - Source: Libraries\MiKTeX\Core\File\win\winFile.cpp:320
2025-11-19 19:56:54,059-0800 ERROR miktex.core - Access is denied.

2025-11-19 19:56:54,059-0800 ERROR miktex.core - Function: DeleteFileW
2025-11-19 19:56:54,059-0800 ERROR miktex.core - Result: 5
2025-11-19 19:56:54,059-0800 ERROR miktex.core - Data: path="D:\miktex-portable\texmfs\install\miktex\bin\x64\vcruntime140.dll.(old)"
2025-11-19 19:56:54,059-0800 ERROR miktex.core - Source: Libraries\MiKTeX\Core\File\win\winFile.cpp:320
2025-11-19 19:56:54,059-0800 ERROR miktex.core - Access is denied.

2025-11-19 19:56:54,059-0800 ERROR miktex.core - Function: DeleteFileW
2025-11-19 19:56:54,059-0800 ERROR miktex.core - Result: 5
2025-11-19 19:56:54,059-0800 ERROR miktex.core - Data: path="D:\miktex-portable\texmfs\install\miktex\bin\x64\vcruntime140_1.dll.(old)"
2025-11-19 19:56:54,059-0800 ERROR miktex.core - Source: Libraries\MiKTeX\Core\File\win\winFile.cpp:320
2025-11-19 19:56:54,059-0800 ERROR miktex.core - Access is denied.

2025-11-19 19:56:54,059-0800 ERROR miktex.core - Function: DeleteFileW
2025-11-19 19:56:54,059-0800 ERROR miktex.core - Result: 5
2025-11-19 19:56:54,059-0800 ERROR miktex.core - Data: path="D:\miktex-portable\texmfs\install\miktex\bin\x64\MiKTeX240100-zlib.dll.(old)"
2025-11-19 19:56:54,059-0800 ERROR miktex.core - Source: Libraries\MiKTeX\Core\File\win\winFile.cpp:320
2025-11-19 19:56:54,059-0800 ERROR miktex.core - Access is denied.

2025-11-19 19:56:54,059-0800 ERROR miktex.core - Function: DeleteFileW
2025-11-19 19:56:54,060-0800 ERROR miktex.core - Result: 5
2025-11-19 19:56:54,060-0800 ERROR miktex.core - Data: path="D:\miktex-portable\texmfs\install\miktex\bin\x64\Qt6Core.dll.(old)"
2025-11-19 19:56:54,060-0800 ERROR miktex.core - Source: Libraries\MiKTeX\Core\File\win\winFile.cpp:320
2025-11-19 19:56:54,060-0800 ERROR miktex.core - Access is denied.

2025-11-19 19:56:54,060-0800 ERROR miktex.core - Function: DeleteFileW
2025-11-19 19:56:54,060-0800 ERROR miktex.core - Result: 5
2025-11-19 19:56:54,060-0800 ERROR miktex.core - Data: path="D:\miktex-portable\texmfs\install\miktex\bin\x64\Qt6Gui.dll.(old)"
2025-11-19 19:56:54,060-0800 ERROR miktex.core - Source: Libraries\MiKTeX\Core\File\win\winFile.cpp:320
2025-11-19 19:56:54,060-0800 ERROR miktex.core - Access is denied.

2025-11-19 19:56:54,060-0800 ERROR miktex.core - Function: DeleteFileW
2025-11-19 19:56:54,060-0800 ERROR miktex.core - Result: 5
2025-11-19 19:56:54,060-0800 ERROR miktex.core - Data: path="D:\miktex-portable\texmfs\install\miktex\bin\x64\Qt6Widgets.dll.(old)"
2025-11-19 19:56:54,060-0800 ERROR miktex.core - Source: Libraries\MiKTeX\Core\File\win\winFile.cpp:320
2025-11-19 19:56:54,060-0800 ERROR miktex.core - Access is denied.

2025-11-19 19:56:54,060-0800 ERROR miktex.core - Function: DeleteFileW
2025-11-19 19:56:54,060-0800 ERROR miktex.core - Result: 5
2025-11-19 19:56:54,060-0800 ERROR miktex.core - Data: path="D:\miktex-portable\texmfs\install\miktex\bin\x64\MiKTeX240100-extractor.dll.(old)"
2025-11-19 19:56:54,060-0800 ERROR miktex.core - Source: Libraries\MiKTeX\Core\File\win\winFile.cpp:320
2025-11-19 19:56:54,061-0800 ERROR miktex.core - Access is denied.

2025-11-19 19:56:54,061-0800 ERROR miktex.core - Function: DeleteFileW
2025-11-19 19:56:54,061-0800 ERROR miktex.core - Result: 5
2025-11-19 19:56:54,061-0800 ERROR miktex.core - Data: path="D:\miktex-portable\texmfs\install\miktex\bin\x64\MiKTeX240100-utf8wrap.dll.(old)"
2025-11-19 19:56:54,061-0800 ERROR miktex.core - Source: Libraries\MiKTeX\Core\File\win\winFile.cpp:320
2025-11-19 19:56:54,061-0800 ERROR miktex.core - Access is denied.

2025-11-19 19:56:54,061-0800 ERROR miktex.core - Function: DeleteFileW
2025-11-19 19:56:54,061-0800 ERROR miktex.core - Result: 5
2025-11-19 19:56:54,061-0800 ERROR miktex.core - Data: path="D:\miktex-portable\texmfs\install\miktex\bin\x64\MiKTeX240100-uriparser.dll.(old)"
2025-11-19 19:56:54,061-0800 ERROR miktex.core - Source: Libraries\MiKTeX\Core\File\win\winFile.cpp:320
2025-11-19 19:56:54,061-0800 ERROR miktex.core - Access is denied.

2025-11-19 19:56:54,061-0800 ERROR miktex.core - Function: DeleteFileW
2025-11-19 19:56:54,061-0800 ERROR miktex.core - Result: 5
2025-11-19 19:56:54,061-0800 ERROR miktex.core - Data: path="D:\miktex-portable\texmfs\install\miktex\bin\x64\msvcp140.dll.(old)"
2025-11-19 19:56:54,061-0800 ERROR miktex.core - Source: Libraries\MiKTeX\Core\File\win\winFile.cpp:320
2025-11-19 19:56:54,062-0800 ERROR miktex.core - Access is denied.

2025-11-19 19:56:54,062-0800 ERROR miktex.core - Function: DeleteFileW
2025-11-19 19:56:54,062-0800 ERROR miktex.core - Result: 5
2025-11-19 19:56:54,062-0800 ERROR miktex.core - Data: path="D:\miktex-portable\texmfs\install\miktex\bin\x64\msvcp140_1.dll.(old)"
2025-11-19 19:56:54,062-0800 ERROR miktex.core - Source: Libraries\MiKTeX\Core\File\win\winFile.cpp:320
2025-11-19 19:56:54,062-0800 ERROR miktex.core - Access is denied.

2025-11-19 19:56:54,062-0800 ERROR miktex.core - Function: DeleteFileW
2025-11-19 19:56:54,062-0800 ERROR miktex.core - Result: 5
2025-11-19 19:56:54,062-0800 ERROR miktex.core - Data: path="D:\miktex-portable\texmfs\install\miktex\bin\x64\msvcp140_2.dll.(old)"
2025-11-19 19:56:54,062-0800 ERROR miktex.core - Source: Libraries\MiKTeX\Core\File\win\winFile.cpp:320
2025-11-19 19:56:54,063-0800 ERROR miktex.core - Access is denied.

2025-11-19 19:56:54,063-0800 ERROR miktex.core - Function: DeleteFileW
2025-11-19 19:56:54,063-0800 ERROR miktex.core - Result: 5
2025-11-19 19:56:54,063-0800 ERROR miktex.core - Data: path="D:\miktex-portable\texmfs\install\miktex\bin\x64\platforms\qwindows.dll.(old)"
2025-11-19 19:56:54,063-0800 ERROR miktex.core - Source: Libraries\MiKTeX\Core\File\win\winFile.cpp:320
2025-11-19 19:56:54,064-0800 ERROR miktex.core - Access is denied.

2025-11-19 19:56:54,064-0800 ERROR miktex.core - Function: DeleteFileW
2025-11-19 19:56:54,064-0800 ERROR miktex.core - Result: 5
2025-11-19 19:56:54,064-0800 ERROR miktex.core - Data: path="D:\miktex-portable\texmfs\install\miktex\bin\x64\styles\qwindowsvistastyle.dll.(old)"
2025-11-19 19:56:54,064-0800 ERROR miktex.core - Source: Libraries\MiKTeX\Core\File\win\winFile.cpp:320
2025-11-19 19:56:55,848-0800 WARN  miktex.packagemanager - dependency problem: showframe is required by _miktex-latex-packages
2025-11-19 19:56:55,848-0800 WARN  miktex.packagemanager - dependency problem: sttools is required by _miktex-latex-packages
2025-11-19 19:56:55,848-0800 WARN  miktex.packagemanager - dependency problem: thailatex is required by _miktex-latex-packages
2025-11-19 19:56:55,849-0800 WARN  miktex.packagemanager - dependency problem: luxi is required by _miktex-fonts-type1
2025-11-19 19:56:55,914-0800 INFO  miktex - Refreshing FNDB for MPM...
2025-11-19 19:56:58,404-0800 INFO  miktex - this process (2840) finishes with exit code 0
2025-11-19 19:56:58,646-0800 INFO  miktex - this is One MiKTeX Utility 1.11 (MiKTeX 25.4 Portable)
2025-11-19 19:56:58,647-0800 INFO  miktex - this process (1600) started by miktex-console in directory D:\miktex-portable with command line: miktex --disable-installer --verbose links install --force
2025-11-19 19:56:58,647-0800 INFO  miktex - Installing links in target directory D:\miktex-portable\texmfs\install\miktex\bin\x64...
2025-11-19 19:56:58,650-0800 WARN  miktex - D:\miktex-portable\texmfs\install\miktex/bin/x64\miktex-eptex.exe: the link target does not exist
2025-11-19 19:56:58,665-0800 WARN  miktex - eptex: engine 'eptex' not found
2025-11-19 19:56:58,667-0800 WARN  miktex - platex: engine 'eptex' not found
2025-11-19 19:56:58,667-0800 WARN  miktex - platex-dev: engine 'eptex' not found
2025-11-19 19:58:39,935-0800 INFO  miktex - this process (1600) finishes with exit code 0
2025-11-19 19:58:40,185-0800 INFO  miktex - this is One MiKTeX Utility 1.11 (MiKTeX 25.4 Portable)
2025-11-19 19:58:40,186-0800 INFO  miktex - this process (10832) started by miktex-console in directory D:\miktex-portable with command line: miktex --disable-installer --verbose fontmaps configure
2025-11-19 19:58:40,186-0800 INFO  miktex - Parsing configuration file D:\miktex-portable\texmfs\install\miktex/config\updmap.cfg...
2025-11-19 19:58:40,283-0800 INFO  miktex - Writing D:\miktex-portable\texmfs/data\fonts\map\dvipdfmx\kanjix.map...
2025-11-19 19:58:40,292-0800 INFO  miktex - Writing D:\miktex-portable\texmfs/data\fonts\map\dvips\builtin35.map...
2025-11-19 19:58:40,311-0800 INFO  miktex - Writing D:\miktex-portable\texmfs/data\fonts\map\dvips\download35.map...
2025-11-19 19:58:40,331-0800 INFO  miktex - Writing D:\miktex-portable\texmfs/data\fonts\map\dvips\ps2pk.map...
2025-11-19 19:58:40,355-0800 INFO  miktex - Writing D:\miktex-portable\texmfs/data\fonts\map\dvips\psfonts_pk.map...
2025-11-19 19:58:40,378-0800 INFO  miktex - Writing D:\miktex-portable\texmfs/data\fonts\map\dvips\psfonts_t1.map...
2025-11-19 19:58:40,402-0800 INFO  miktex - Writing D:\miktex-portable\texmfs/data\fonts\map\pdftex\pdftex_dl14.map...
2025-11-19 19:58:40,427-0800 INFO  miktex - Writing D:\miktex-portable\texmfs/data\fonts\map\pdftex\pdftex_ndl14.map...
2025-11-19 19:58:40,451-0800 INFO  miktex - Copying D:\miktex-portable\texmfs/data\fonts\map\dvips\psfonts_t1.map
2025-11-19 19:58:40,451-0800 INFO  miktex -      to D:\miktex-portable\texmfs/data\fonts\map\dvips\psfonts.map...
2025-11-19 19:58:40,464-0800 INFO  miktex - Copying D:\miktex-portable\texmfs/data\fonts\map\pdftex\pdftex_dl14.map
2025-11-19 19:58:40,464-0800 INFO  miktex -      to D:\miktex-portable\texmfs/data\fonts\map\pdftex\pdftex.map...
2025-11-19 19:58:40,499-0800 INFO  miktex - running: miktex-fc-cache --verbose --miktex-disable-maintenance --miktex-disable-diagnose
2025-11-19 19:58:40,499-0800 INFO  miktex.core - start process: miktex-fc-cache --verbose --miktex-disable-maintenance --miktex-disable-diagnose
2025-11-19 19:58:40,824-0800 INFO  miktex - C:/WINDOWS/Fonts: skipping, existing cache is valid: 843 fonts, 0 dirs
2025-11-19 19:58:40,824-0800 INFO  miktex - D:/miktex-portable/texmfs/install/fonts/opentype: skipping, existing cache is valid: 0 fonts, 1 dirs
2025-11-19 19:58:40,824-0800 INFO  miktex - D:/miktex-portable/texmfs/install/fonts/opentype/public: skipping, existing cache is valid: 0 fonts, 1 dirs
2025-11-19 19:58:40,825-0800 INFO  miktex - D:/miktex-portable/texmfs/install/fonts/opentype/public/lm: skipping, existing cache is valid: 72 fonts, 0 dirs
2025-11-19 19:58:40,825-0800 INFO  miktex - C:/Users/mod/.local/share/fonts: skipping, no such directory
2025-11-19 19:58:40,825-0800 INFO  miktex - C:/Users/mod/.fonts: skipping, no such directory
2025-11-19 19:58:40,825-0800 INFO  miktex - D:/miktex-portable/texmfs/install/fonts/opentype/public: skipping, looped directory detected
2025-11-19 19:58:40,944-0800 INFO  miktex - D:/miktex-portable/texmfs/install/fonts/opentype/public/lm: skipping, looped directory detected
2025-11-19 19:58:40,944-0800 INFO  miktex - D:/miktex-portable/texmfs/data/fontconfig/cache: cleaning cache directory
2025-11-19 19:58:40,944-0800 INFO  miktex - C:/Users/mod/.cache/fontconfig: not cleaning non-existent cache directory
2025-11-19 19:58:40,945-0800 INFO  miktex - C:/Users/mod/.fontconfig: not cleaning non-existent cache directory
2025-11-19 19:58:40,946-0800 INFO  miktex - miktex-fc-cache: succeeded
2025-11-19 19:58:40,950-0800 WARN  miktex.core - still open: D:\miktex-portable\texmfs/config\fontconfig\config\fonts.conf
2025-11-19 19:58:40,950-0800 WARN  miktex.core - still open: D:\miktex-portable\texmfs\install\fontconfig/config\fonts.conf.in
2025-11-19 19:58:40,950-0800 INFO  miktex - this process (10832) finishes with exit code 0
2025-11-19 19:58:41,196-0800 INFO  miktex - this is One MiKTeX Utility 1.11 (MiKTeX 25.4 Portable)
2025-11-19 19:58:41,196-0800 INFO  miktex - this process (10804) started by miktex-console in directory D:\miktex-portable with command line: miktex --disable-installer --verbose languages configure
2025-11-19 19:58:41,196-0800 INFO  miktex - Creating language.dat, language.dat.lua and language.def...
2025-11-19 19:58:41,326-0800 INFO  miktex - this process (10804) finishes with exit code 0
2025-11-19 21:10:32,760-0800 INFO  miktex - this is One MiKTeX Utility 1.11 (MiKTeX 25.4 Portable)
2025-11-19 21:10:32,760-0800 INFO  miktex - this process (2284) started by latex in directory d:\Emacs with command line: miktex --enable-installer formats build latex --engine pdftex
2025-11-19 21:10:32,771-0800 INFO  miktex - Building format 'latex' with engine 'pdftex'...
2025-11-19 21:10:32,772-0800 INFO  miktex.core - start process: miktex-makefmt.exe --engine=pdftex --dest-name=latex --no-dump latex.ini --engine-option=-tcx=cp227.tcx --enable-installer --miktex-disable-maintenance --miktex-disable-diagnose
2025-11-19 21:10:45,282-0800 INFO  miktex - this process (2284) finishes with exit code 0
2025-11-19 21:11:12,313-0800 INFO  miktex - this is One MiKTeX Utility 1.11 (MiKTeX 25.4 Portable)
2025-11-19 21:11:12,314-0800 INFO  miktex - this process (10620) started by latex in directory d:\Emacs with command line: miktex fontmaps configure
2025-11-19 21:11:12,314-0800 INFO  miktex - Parsing configuration file D:\miktex-portable\texmfs\install\miktex/config\updmap.cfg...
2025-11-19 21:11:12,673-0800 INFO  miktex - Writing D:\miktex-portable\texmfs/data\fonts\map\dvipdfmx\kanjix.map...
2025-11-19 21:11:12,691-0800 INFO  miktex - Writing D:\miktex-portable\texmfs/data\fonts\map\dvips\builtin35.map...
2025-11-19 21:11:12,711-0800 INFO  miktex - Writing D:\miktex-portable\texmfs/data\fonts\map\dvips\download35.map...
2025-11-19 21:11:12,732-0800 INFO  miktex - Writing D:\miktex-portable\texmfs/data\fonts\map\dvips\ps2pk.map...
2025-11-19 21:11:12,756-0800 INFO  miktex - Writing D:\miktex-portable\texmfs/data\fonts\map\dvips\psfonts_pk.map...
2025-11-19 21:11:12,781-0800 INFO  miktex - Writing D:\miktex-portable\texmfs/data\fonts\map\dvips\psfonts_t1.map...
2025-11-19 21:11:12,805-0800 INFO  miktex - Writing D:\miktex-portable\texmfs/data\fonts\map\pdftex\pdftex_dl14.map...
2025-11-19 21:11:12,831-0800 INFO  miktex - Writing D:\miktex-portable\texmfs/data\fonts\map\pdftex\pdftex_ndl14.map...
2025-11-19 21:11:12,856-0800 INFO  miktex - Copying D:\miktex-portable\texmfs/data\fonts\map\dvips\psfonts_t1.map
2025-11-19 21:11:12,856-0800 INFO  miktex -      to D:\miktex-portable\texmfs/data\fonts\map\dvips\psfonts.map...
2025-11-19 21:11:12,868-0800 INFO  miktex - Copying D:\miktex-portable\texmfs/data\fonts\map\pdftex\pdftex_dl14.map
2025-11-19 21:11:12,868-0800 INFO  miktex -      to D:\miktex-portable\texmfs/data\fonts\map\pdftex\pdftex.map...
2025-11-19 21:11:12,942-0800 INFO  miktex - running: miktex-fc-cache --miktex-disable-maintenance --miktex-disable-diagnose
2025-11-19 21:11:12,942-0800 INFO  miktex.core - start process: miktex-fc-cache --miktex-disable-maintenance --miktex-disable-diagnose
2025-11-19 21:11:13,970-0800 WARN  miktex.core - still open: D:\miktex-portable\texmfs\install\fontconfig/config\fonts.conf.in
2025-11-19 21:11:13,971-0800 WARN  miktex.core - still open: D:\miktex-portable\texmfs/config\fontconfig\config\fonts.conf
2025-11-19 21:11:13,971-0800 INFO  miktex - this process (10620) finishes with exit code 0
