2025-11-19 19:46:12,701-0800 INFO  main - starting: MiKTeX Console 4.11 (MiKTeX 24.1 Portable)
2025-11-19 19:46:12,704-0800 ERROR miktex-console.core - Something is wrong with the PATH:
2025-11-19 19:46:12,704-0800 ERROR miktex-console.core - C:\WINDOWS\system32;C:\WINDOWS;C:\WINDOWS\System32\Wbem;C:\WINDOWS\System32\WindowsPowerShell\v1.0\;C:\WINDOWS\System32\OpenSSH\;C:\Program Files\MATLAB\R2025b\runtime\win64;C:\Program Files\MATLAB\R2025b\bin;C:\Program Files (x86)\NVIDIA Corporation\PhysX\Common;C:\Program Files\Tailscale\;C:\Program Files\Sunshine;C:\Program Files\Sunshine\tools;C:\Program Files (x86)\Gpg4win\..\GnuPG\bin;C:\Program Files\Git\cmd;C:\Users\mod\AppData\Local\Microsoft\WindowsApps;
2025-11-19 19:46:13,588-0800 WARN  miktex-console.packagemanager - dependency problem: showframe is required by _miktex-latex-packages
2025-11-19 19:46:13,588-0800 WARN  miktex-console.packagemanager - dependency problem: thailatex is required by _miktex-latex-packages
2025-11-19 19:46:13,589-0800 WARN  miktex-console.packagemanager - dependency problem: luxi is required by _miktex-fonts-type1
2025-11-19 19:46:13,916-0800 INFO  miktex-console.core - start process: miktex fontmaps configure
2025-11-19 19:46:26,403-0800 WARN  miktex-console.packagemanager - dependency problem: showframe is required by _miktex-latex-packages
2025-11-19 19:46:26,403-0800 WARN  miktex-console.packagemanager - dependency problem: thailatex is required by _miktex-latex-packages
2025-11-19 19:46:26,404-0800 WARN  miktex-console.packagemanager - dependency problem: luxi is required by _miktex-fonts-type1
2025-11-19 19:46:27,779-0800 WARN  miktex-console.packagemanager - dependency problem: showframe is required by _miktex-latex-packages
2025-11-19 19:46:27,779-0800 WARN  miktex-console.packagemanager - dependency problem: thailatex is required by _miktex-latex-packages
2025-11-19 19:46:27,781-0800 WARN  miktex-console.packagemanager - dependency problem: luxi is required by _miktex-fonts-type1
2025-11-19 19:46:34,481-0800 INFO  mainwindow - setting AutoInstall: yes
2025-11-19 19:46:46,110-0800 INFO  mainwindow - checking for updates...
2025-11-19 19:46:46,124-0800 INFO  miktex-console.packagemanager - searching for updateable packages
2025-11-19 19:46:46,125-0800 INFO  miktex-console.packagemanager - going to download https://api2.miktex.org/hello
2025-11-19 19:46:47,131-0800 INFO  miktex-console.packagemanager - going to download https://api2.miktex.org/repositories?&releaseState=Stable&orderBy=ranking&take=1&onlySecure=true
2025-11-19 19:46:47,344-0800 INFO  mainwindow - downloading https://ctan.math.utah.edu/ctan/tex-archive/systems/win32/miktex/tm/packages/miktex-zzdb3-2.9.tar.lzma...
2025-11-19 19:46:47,345-0800 INFO  miktex-console.packagemanager - going to download https://ctan.math.utah.edu/ctan/tex-archive/systems/win32/miktex/tm/packages/miktex-zzdb3-2.9.tar.lzma
2025-11-19 19:46:49,246-0800 INFO  mainwindow - 1.89 MB, 7.96 Mbit/s
2025-11-19 19:46:55,629-0800 INFO  mainwindow - updating package manifests (D:\miktex-portable\texmfs\install\miktex/config\package-manifests.ini)...
2025-11-19 19:47:31,166-0800 INFO  mainwindow - installed 8122 package manifests
2025-11-19 19:47:31,166-0800 INFO  mainwindow - visiting repository https://ctan.math.utah.edu/ctan/tex-archive/systems/win32/miktex/tm/packages/...
2025-11-19 19:47:31,166-0800 INFO  mainwindow - repository type: remote package repository
2025-11-19 19:47:31,182-0800 INFO  mainwindow - loading package repository manifest...
2025-11-19 19:47:31,182-0800 INFO  mainwindow - downloading https://ctan.math.utah.edu/ctan/tex-archive/systems/win32/miktex/tm/packages/miktex-zzdb1-2.9.tar.lzma...
2025-11-19 19:47:31,182-0800 INFO  miktex-console.packagemanager - going to download https://ctan.math.utah.edu/ctan/tex-archive/systems/win32/miktex/tm/packages/miktex-zzdb1-2.9.tar.lzma
2025-11-19 19:47:31,980-0800 INFO  mainwindow - 0.40 MB, 3.99 Mbit/s
2025-11-19 19:47:33,057-0800 WARN  miktex-console.packagemanager - dependency problem: showframe is required by _miktex-latex-packages
2025-11-19 19:47:33,057-0800 WARN  miktex-console.packagemanager - dependency problem: sttools is required by _miktex-latex-packages
2025-11-19 19:47:33,057-0800 WARN  miktex-console.packagemanager - dependency problem: thailatex is required by _miktex-latex-packages
2025-11-19 19:47:33,058-0800 WARN  miktex-console.packagemanager - dependency problem: luxi is required by _miktex-fonts-type1
2025-11-19 19:47:36,139-0800 INFO  mainwindow - package repository digest: b04fe83e5f7d292e8877a62181fe186f
2025-11-19 19:47:37,637-0800 INFO  miktex-console.packagemanager - ms: package is obsolete
2025-11-19 19:47:37,637-0800 INFO  miktex-console.packagemanager - miktex-mpfr-bin-x64-2.9: package is obsolete
2025-11-19 19:47:37,679-0800 INFO  mainwindow - found 123 updates
2025-11-19 19:47:37,711-0800 ERROR miktex-console.core - Something is wrong with the PATH:
2025-11-19 19:47:37,711-0800 ERROR miktex-console.core - C:\WINDOWS\system32;C:\WINDOWS;C:\WINDOWS\System32\Wbem;C:\WINDOWS\System32\WindowsPowerShell\v1.0\;C:\WINDOWS\System32\OpenSSH\;C:\Program Files\MATLAB\R2025b\runtime\win64;C:\Program Files\MATLAB\R2025b\bin;C:\Program Files (x86)\NVIDIA Corporation\PhysX\Common;C:\Program Files\Tailscale\;C:\Program Files\Sunshine;C:\Program Files\Sunshine\tools;C:\Program Files (x86)\Gpg4win\..\GnuPG\bin;C:\Program Files\Git\cmd;C:\Users\mod\AppData\Local\Microsoft\WindowsApps;
2025-11-19 19:49:56,591-0800 INFO  mainwindow - installing updates...
2025-11-19 19:49:56,592-0800 INFO  miktex-console.packagemanager - going to download https://api2.miktex.org/repositories?&releaseState=Stable&orderBy=ranking&take=1&onlySecure=true
2025-11-19 19:49:57,131-0800 INFO  mainwindow - starting package maintenance...
2025-11-19 19:49:57,131-0800 INFO  mainwindow - installation directory: D:\miktex-portable\texmfs\install
2025-11-19 19:49:57,131-0800 INFO  mainwindow - package repository: https://mirrors.mit.edu/CTAN/systems/win32/miktex/tm/packages/
2025-11-19 19:49:57,441-0800 INFO  mainwindow - package repository digest: b04fe83e5f7d292e8877a62181fe186f
2025-11-19 19:49:57,442-0800 INFO  mainwindow - going to download 76464593 bytes
2025-11-19 19:49:57,442-0800 INFO  mainwindow - going to install 3035 file(s) (121 package(s))
2025-11-19 19:49:57,442-0800 INFO  mainwindow - going to remove 5 file(s) (2 package(s))
2025-11-19 19:49:58,046-0800 INFO  miktex-console.packagemanager - installing package amsmath
2025-11-19 19:49:58,047-0800 INFO  mainwindow - downloading https://mirrors.mit.edu/CTAN/systems/win32/miktex/tm/packages/amsmath.tar.lzma...
2025-11-19 19:49:58,047-0800 INFO  miktex-console.packagemanager - going to download https://mirrors.mit.edu/CTAN/systems/win32/miktex/tm/packages/amsmath.tar.lzma
2025-11-19 19:49:58,685-0800 INFO  mainwindow - 0.03 MB, 0.40 Mbit/s
2025-11-19 19:49:58,778-0800 INFO  mainwindow - extracting files from amsmath.tar.lzma...
2025-11-19 19:49:59,186-0800 INFO  miktex-console.packagemanager - installing package atveryend
2025-11-19 19:49:59,186-0800 INFO  mainwindow - downloading https://mirrors.mit.edu/CTAN/systems/win32/miktex/tm/packages/atveryend.tar.lzma...
2025-11-19 19:49:59,186-0800 INFO  miktex-console.packagemanager - going to download https://mirrors.mit.edu/CTAN/systems/win32/miktex/tm/packages/atveryend.tar.lzma
2025-11-19 19:49:59,311-0800 INFO  mainwindow - 0.00 MB, 0.09 Mbit/s
2025-11-19 19:49:59,360-0800 INFO  mainwindow - extracting files from atveryend.tar.lzma...
2025-11-19 19:49:59,440-0800 INFO  miktex-console.packagemanager - installing package babel
2025-11-19 19:49:59,440-0800 INFO  mainwindow - downloading https://mirrors.mit.edu/CTAN/systems/win32/miktex/tm/packages/babel.tar.lzma...
2025-11-19 19:49:59,441-0800 INFO  miktex-console.packagemanager - going to download https://mirrors.mit.edu/CTAN/systems/win32/miktex/tm/packages/babel.tar.lzma
2025-11-19 19:50:00,319-0800 INFO  mainwindow - 0.25 MB, 2.25 Mbit/s
2025-11-19 19:50:25,519-0800 INFO  mainwindow - extracting files from babel.tar.lzma...
2025-11-19 19:51:17,574-0800 INFO  miktex-console.packagemanager - installing package biber-windows-x64
2025-11-19 19:51:17,575-0800 INFO  mainwindow - downloading https://mirrors.mit.edu/CTAN/systems/win32/miktex/tm/packages/biber-windows-x64.tar.lzma...
2025-11-19 19:51:17,575-0800 INFO  miktex-console.packagemanager - going to download https://mirrors.mit.edu/CTAN/systems/win32/miktex/tm/packages/biber-windows-x64.tar.lzma
2025-11-19 19:51:22,112-0800 INFO  mainwindow - 24.50 MB, 43.20 Mbit/s
2025-11-19 19:51:22,220-0800 INFO  mainwindow - extracting files from biber-windows-x64.tar.lzma...
2025-11-19 19:51:26,367-0800 INFO  miktex-console.packagemanager - installing package biblatex
2025-11-19 19:51:26,368-0800 INFO  mainwindow - downloading https://mirrors.mit.edu/CTAN/systems/win32/miktex/tm/packages/biblatex.tar.lzma...
2025-11-19 19:51:26,368-0800 INFO  miktex-console.packagemanager - going to download https://mirrors.mit.edu/CTAN/systems/win32/miktex/tm/packages/biblatex.tar.lzma
2025-11-19 19:51:27,356-0800 INFO  mainwindow - 0.27 MB, 2.17 Mbit/s
2025-11-19 19:51:28,233-0800 INFO  mainwindow - extracting files from biblatex.tar.lzma...
2025-11-19 19:51:30,835-0800 INFO  miktex-console.packagemanager - installing package etoolbox
2025-11-19 19:51:30,836-0800 INFO  mainwindow - downloading https://mirrors.mit.edu/CTAN/systems/win32/miktex/tm/packages/etoolbox.tar.lzma...
2025-11-19 19:51:30,836-0800 INFO  miktex-console.packagemanager - going to download https://mirrors.mit.edu/CTAN/systems/win32/miktex/tm/packages/etoolbox.tar.lzma
2025-11-19 19:51:31,013-0800 INFO  mainwindow - 0.01 MB, 0.41 Mbit/s
2025-11-19 19:51:31,068-0800 INFO  mainwindow - extracting files from etoolbox.tar.lzma...
2025-11-19 19:51:31,172-0800 INFO  miktex-console.packagemanager - installing package fontspec
2025-11-19 19:51:31,173-0800 INFO  mainwindow - downloading https://mirrors.mit.edu/CTAN/systems/win32/miktex/tm/packages/fontspec.tar.lzma...
2025-11-19 19:51:31,173-0800 INFO  miktex-console.packagemanager - going to download https://mirrors.mit.edu/CTAN/systems/win32/miktex/tm/packages/fontspec.tar.lzma
2025-11-19 19:51:31,441-0800 INFO  mainwindow - 0.03 MB, 0.82 Mbit/s
2025-11-19 19:51:31,512-0800 INFO  mainwindow - extracting files from fontspec.tar.lzma...
2025-11-19 19:51:31,668-0800 INFO  miktex-console.packagemanager - installing package graphics
2025-11-19 19:51:31,669-0800 INFO  mainwindow - downloading https://mirrors.mit.edu/CTAN/systems/win32/miktex/tm/packages/graphics.tar.lzma...
2025-11-19 19:51:31,669-0800 INFO  miktex-console.packagemanager - going to download https://mirrors.mit.edu/CTAN/systems/win32/miktex/tm/packages/graphics.tar.lzma
2025-11-19 19:51:32,023-0800 INFO  mainwindow - 0.02 MB, 0.37 Mbit/s
2025-11-19 19:51:32,180-0800 INFO  mainwindow - extracting files from graphics.tar.lzma...
2025-11-19 19:51:32,618-0800 INFO  miktex-console.packagemanager - installing package graphics-def
2025-11-19 19:51:32,618-0800 INFO  mainwindow - downloading https://mirrors.mit.edu/CTAN/systems/win32/miktex/tm/packages/graphics-def.tar.lzma...
2025-11-19 19:51:32,619-0800 INFO  miktex-console.packagemanager - going to download https://mirrors.mit.edu/CTAN/systems/win32/miktex/tm/packages/graphics-def.tar.lzma
2025-11-19 19:51:32,859-0800 INFO  mainwindow - 0.01 MB, 0.37 Mbit/s
2025-11-19 19:51:32,935-0800 INFO  mainwindow - extracting files from graphics-def.tar.lzma...
2025-11-19 19:51:33,117-0800 INFO  miktex-console.packagemanager - installing package hyperref
2025-11-19 19:51:33,118-0800 INFO  mainwindow - downloading https://mirrors.mit.edu/CTAN/systems/win32/miktex/tm/packages/hyperref.tar.lzma...
2025-11-19 19:51:33,118-0800 INFO  miktex-console.packagemanager - going to download https://mirrors.mit.edu/CTAN/systems/win32/miktex/tm/packages/hyperref.tar.lzma
2025-11-19 19:51:33,806-0800 INFO  mainwindow - 0.09 MB, 1.04 Mbit/s
2025-11-19 19:51:36,108-0800 INFO  mainwindow - extracting files from hyperref.tar.lzma...
2025-11-19 19:51:36,834-0800 INFO  miktex-console.packagemanager - installing package hyph-utf8
2025-11-19 19:51:36,834-0800 INFO  mainwindow - downloading https://mirrors.mit.edu/CTAN/systems/win32/miktex/tm/packages/hyph-utf8.tar.lzma...
2025-11-19 19:51:36,834-0800 INFO  miktex-console.packagemanager - going to download https://mirrors.mit.edu/CTAN/systems/win32/miktex/tm/packages/hyph-utf8.tar.lzma
2025-11-19 19:51:39,056-0800 INFO  mainwindow - 1.34 MB, 4.84 Mbit/s
2025-11-19 19:51:41,183-0800 INFO  mainwindow - extracting files from hyph-utf8.tar.lzma...
2025-11-19 19:51:55,349-0800 INFO  miktex-console.packagemanager - installing package iftex
2025-11-19 19:51:55,350-0800 INFO  mainwindow - downloading https://mirrors.mit.edu/CTAN/systems/win32/miktex/tm/packages/iftex.tar.lzma...
2025-11-19 19:51:55,350-0800 INFO  miktex-console.packagemanager - going to download https://mirrors.mit.edu/CTAN/systems/win32/miktex/tm/packages/iftex.tar.lzma
2025-11-19 19:51:55,488-0800 INFO  mainwindow - 0.00 MB, 0.20 Mbit/s
2025-11-19 19:51:55,563-0800 INFO  mainwindow - extracting files from iftex.tar.lzma...
2025-11-19 19:52:05,094-0800 INFO  miktex-console.packagemanager - installing package l3backend
2025-11-19 19:52:05,094-0800 INFO  mainwindow - downloading https://mirrors.mit.edu/CTAN/systems/win32/miktex/tm/packages/l3backend.tar.lzma...
2025-11-19 19:52:05,094-0800 INFO  miktex-console.packagemanager - going to download https://mirrors.mit.edu/CTAN/systems/win32/miktex/tm/packages/l3backend.tar.lzma
2025-11-19 19:52:05,388-0800 INFO  mainwindow - 0.02 MB, 0.46 Mbit/s
2025-11-19 19:52:05,569-0800 INFO  mainwindow - extracting files from l3backend.tar.lzma...
2025-11-19 19:52:05,804-0800 INFO  miktex-console.packagemanager - installing package l3kernel
2025-11-19 19:52:05,805-0800 INFO  mainwindow - downloading https://mirrors.mit.edu/CTAN/systems/win32/miktex/tm/packages/l3kernel.tar.lzma...
2025-11-19 19:52:05,805-0800 INFO  miktex-console.packagemanager - going to download https://mirrors.mit.edu/CTAN/systems/win32/miktex/tm/packages/l3kernel.tar.lzma
2025-11-19 19:52:06,373-0800 INFO  mainwindow - 0.19 MB, 2.67 Mbit/s
2025-11-19 19:52:06,538-0800 INFO  mainwindow - extracting files from l3kernel.tar.lzma...
2025-11-19 19:52:07,040-0800 INFO  miktex-console.packagemanager - installing package l3packages
2025-11-19 19:52:07,040-0800 INFO  mainwindow - downloading https://mirrors.mit.edu/CTAN/systems/win32/miktex/tm/packages/l3packages.tar.lzma...
2025-11-19 19:52:07,040-0800 INFO  miktex-console.packagemanager - going to download https://mirrors.mit.edu/CTAN/systems/win32/miktex/tm/packages/l3packages.tar.lzma
2025-11-19 19:52:07,272-0800 INFO  mainwindow - 0.02 MB, 0.72 Mbit/s
2025-11-19 19:52:07,389-0800 INFO  mainwindow - extracting files from l3packages.tar.lzma...
2025-11-19 19:52:07,746-0800 INFO  miktex-console.packagemanager - installing package latex-firstaid
2025-11-19 19:52:07,746-0800 INFO  mainwindow - downloading https://mirrors.mit.edu/CTAN/systems/win32/miktex/tm/packages/latex-firstaid.tar.lzma...
2025-11-19 19:52:07,746-0800 INFO  miktex-console.packagemanager - going to download https://mirrors.mit.edu/CTAN/systems/win32/miktex/tm/packages/latex-firstaid.tar.lzma
2025-11-19 19:52:07,966-0800 INFO  mainwindow - 0.01 MB, 0.20 Mbit/s
2025-11-19 19:52:08,027-0800 INFO  mainwindow - extracting files from latex-firstaid.tar.lzma...
2025-11-19 19:52:08,163-0800 INFO  miktex-console.packagemanager - installing package latex-tools
2025-11-19 19:52:08,164-0800 INFO  mainwindow - downloading https://mirrors.mit.edu/CTAN/systems/win32/miktex/tm/packages/latex-tools.tar.lzma...
2025-11-19 19:52:08,164-0800 INFO  miktex-console.packagemanager - going to download https://mirrors.mit.edu/CTAN/systems/win32/miktex/tm/packages/latex-tools.tar.lzma
2025-11-19 19:52:08,510-0800 INFO  mainwindow - 0.05 MB, 1.12 Mbit/s
2025-11-19 19:52:08,803-0800 INFO  mainwindow - extracting files from latex-tools.tar.lzma...
2025-11-19 19:52:09,871-0800 INFO  miktex-console.packagemanager - installing package listings
2025-11-19 19:52:09,871-0800 INFO  mainwindow - downloading https://mirrors.mit.edu/CTAN/systems/win32/miktex/tm/packages/listings.tar.lzma...
2025-11-19 19:52:09,872-0800 INFO  miktex-console.packagemanager - going to download https://mirrors.mit.edu/CTAN/systems/win32/miktex/tm/packages/listings.tar.lzma
2025-11-19 19:52:10,405-0800 INFO  mainwindow - 0.15 MB, 2.28 Mbit/s
2025-11-19 19:52:10,487-0800 INFO  mainwindow - extracting files from listings.tar.lzma...
2025-11-19 19:52:10,883-0800 INFO  miktex-console.packagemanager - installing package ltxbase
2025-11-19 19:52:10,884-0800 INFO  mainwindow - downloading https://mirrors.mit.edu/CTAN/systems/win32/miktex/tm/packages/ltxbase.tar.lzma...
2025-11-19 19:52:10,884-0800 INFO  miktex-console.packagemanager - going to download https://mirrors.mit.edu/CTAN/systems/win32/miktex/tm/packages/ltxbase.tar.lzma
2025-11-19 19:52:11,347-0800 INFO  mainwindow - 0.26 MB, 4.51 Mbit/s
2025-11-19 19:52:17,024-0800 INFO  mainwindow - extracting files from ltxbase.tar.lzma...
2025-11-19 19:52:20,583-0800 INFO  miktex-console.packagemanager - installing package luaotfload
2025-11-19 19:52:20,584-0800 INFO  mainwindow - downloading https://mirrors.mit.edu/CTAN/systems/win32/miktex/tm/packages/luaotfload.tar.lzma...
2025-11-19 19:52:20,584-0800 INFO  miktex-console.packagemanager - going to download https://mirrors.mit.edu/CTAN/systems/win32/miktex/tm/packages/luaotfload.tar.lzma
2025-11-19 19:52:21,264-0800 INFO  mainwindow - 0.62 MB, 7.36 Mbit/s
2025-11-19 19:52:21,837-0800 INFO  mainwindow - extracting files from luaotfload.tar.lzma...
2025-11-19 19:52:40,730-0800 INFO  miktex-console.packagemanager - installing package make4ht
2025-11-19 19:52:40,731-0800 INFO  mainwindow - downloading https://mirrors.mit.edu/CTAN/systems/win32/miktex/tm/packages/make4ht.tar.lzma...
2025-11-19 19:52:40,731-0800 INFO  miktex-console.packagemanager - going to download https://mirrors.mit.edu/CTAN/systems/win32/miktex/tm/packages/make4ht.tar.lzma
2025-11-19 19:52:41,192-0800 INFO  mainwindow - 0.08 MB, 1.46 Mbit/s
2025-11-19 19:52:41,610-0800 INFO  mainwindow - extracting files from make4ht.tar.lzma...
2025-11-19 19:52:47,821-0800 INFO  miktex-console.packagemanager - installing package miktex-arctrl-bin-x64-2.9
2025-11-19 19:52:47,821-0800 INFO  mainwindow - downloading https://mirrors.mit.edu/CTAN/systems/win32/miktex/tm/packages/miktex-arctrl-bin-x64-2.9.tar.lzma...
2025-11-19 19:52:47,821-0800 INFO  miktex-console.packagemanager - going to download https://mirrors.mit.edu/CTAN/systems/win32/miktex/tm/packages/miktex-arctrl-bin-x64-2.9.tar.lzma
2025-11-19 19:52:48,079-0800 INFO  mainwindow - 0.04 MB, 1.17 Mbit/s
2025-11-19 19:52:48,126-0800 INFO  mainwindow - extracting files from miktex-arctrl-bin-x64-2.9.tar.lzma...
2025-11-19 19:52:48,226-0800 INFO  miktex-console.packagemanager - installing package miktex-asymptote-bin-x64-2.9
2025-11-19 19:52:48,226-0800 INFO  mainwindow - downloading https://mirrors.mit.edu/CTAN/systems/win32/miktex/tm/packages/miktex-asymptote-bin-x64-2.9.tar.lzma...
2025-11-19 19:52:48,226-0800 INFO  miktex-console.packagemanager - going to download https://mirrors.mit.edu/CTAN/systems/win32/miktex/tm/packages/miktex-asymptote-bin-x64-2.9.tar.lzma
2025-11-19 19:52:49,109-0800 INFO  mainwindow - 1.21 MB, 10.95 Mbit/s
2025-11-19 19:52:49,158-0800 INFO  mainwindow - extracting files from miktex-asymptote-bin-x64-2.9.tar.lzma...
2025-11-19 19:52:56,604-0800 INFO  miktex-console.packagemanager - installing package miktex-autosp-bin-x64-2.9
2025-11-19 19:52:56,604-0800 INFO  mainwindow - downloading https://mirrors.mit.edu/CTAN/systems/win32/miktex/tm/packages/miktex-autosp-bin-x64-2.9.tar.lzma...
2025-11-19 19:52:56,604-0800 INFO  miktex-console.packagemanager - going to download https://mirrors.mit.edu/CTAN/systems/win32/miktex/tm/packages/miktex-autosp-bin-x64-2.9.tar.lzma
2025-11-19 19:52:56,883-0800 INFO  mainwindow - 0.03 MB, 0.93 Mbit/s
2025-11-19 19:52:56,943-0800 INFO  mainwindow - extracting files from miktex-autosp-bin-x64-2.9.tar.lzma...
2025-11-19 19:52:57,125-0800 INFO  miktex-console.packagemanager - installing package miktex-axohelp-bin-x64-2.9
2025-11-19 19:52:57,126-0800 INFO  mainwindow - downloading https://mirrors.mit.edu/CTAN/systems/win32/miktex/tm/packages/miktex-axohelp-bin-x64-2.9.tar.lzma...
2025-11-19 19:52:57,126-0800 INFO  miktex-console.packagemanager - going to download https://mirrors.mit.edu/CTAN/systems/win32/miktex/tm/packages/miktex-axohelp-bin-x64-2.9.tar.lzma
2025-11-19 19:52:57,530-0800 INFO  mainwindow - 0.04 MB, 0.75 Mbit/s
2025-11-19 19:52:57,574-0800 INFO  mainwindow - extracting files from miktex-axohelp-bin-x64-2.9.tar.lzma...
2025-11-19 19:52:57,668-0800 INFO  miktex-console.packagemanager - installing package miktex-bibarts-bin-x64-2.9
2025-11-19 19:52:57,668-0800 INFO  mainwindow - downloading https://mirrors.mit.edu/CTAN/systems/win32/miktex/tm/packages/miktex-bibarts-bin-x64-2.9.tar.lzma...
2025-11-19 19:52:57,668-0800 INFO  miktex-console.packagemanager - going to download https://mirrors.mit.edu/CTAN/systems/win32/miktex/tm/packages/miktex-bibarts-bin-x64-2.9.tar.lzma
2025-11-19 19:52:57,978-0800 INFO  mainwindow - 0.07 MB, 1.76 Mbit/s
2025-11-19 19:52:58,024-0800 INFO  mainwindow - extracting files from miktex-bibarts-bin-x64-2.9.tar.lzma...
2025-11-19 19:52:58,126-0800 INFO  miktex-console.packagemanager - installing package miktex-bibtex-bin-x64-2.9
2025-11-19 19:52:58,127-0800 INFO  mainwindow - downloading https://mirrors.mit.edu/CTAN/systems/win32/miktex/tm/packages/miktex-bibtex-bin-x64-2.9.tar.lzma...
2025-11-19 19:52:58,127-0800 INFO  miktex-console.packagemanager - going to download https://mirrors.mit.edu/CTAN/systems/win32/miktex/tm/packages/miktex-bibtex-bin-x64-2.9.tar.lzma
2025-11-19 19:52:58,400-0800 INFO  mainwindow - 0.08 MB, 2.35 Mbit/s
2025-11-19 19:52:58,445-0800 INFO  mainwindow - extracting files from miktex-bibtex-bin-x64-2.9.tar.lzma...
2025-11-19 19:52:58,546-0800 INFO  miktex-console.packagemanager - installing package miktex-bibtex8bit-bin-x64-2.9
2025-11-19 19:52:58,546-0800 INFO  mainwindow - downloading https://mirrors.mit.edu/CTAN/systems/win32/miktex/tm/packages/miktex-bibtex8bit-bin-x64-2.9.tar.lzma...
2025-11-19 19:52:58,546-0800 INFO  miktex-console.packagemanager - going to download https://mirrors.mit.edu/CTAN/systems/win32/miktex/tm/packages/miktex-bibtex8bit-bin-x64-2.9.tar.lzma
2025-11-19 19:52:58,907-0800 INFO  mainwindow - 0.11 MB, 2.36 Mbit/s
2025-11-19 19:52:58,958-0800 INFO  mainwindow - extracting files from miktex-bibtex8bit-bin-x64-2.9.tar.lzma...
2025-11-19 19:52:59,110-0800 INFO  miktex-console.packagemanager - installing package miktex-bzip2-bin-x64-2.9
2025-11-19 19:52:59,110-0800 INFO  mainwindow - downloading https://mirrors.mit.edu/CTAN/systems/win32/miktex/tm/packages/miktex-bzip2-bin-x64-2.9.tar.lzma...
2025-11-19 19:52:59,110-0800 INFO  miktex-console.packagemanager - going to download https://mirrors.mit.edu/CTAN/systems/win32/miktex/tm/packages/miktex-bzip2-bin-x64-2.9.tar.lzma
2025-11-19 19:52:59,426-0800 INFO  mainwindow - 0.03 MB, 0.79 Mbit/s
2025-11-19 19:52:59,442-0800 ERROR miktex-console.core - Access is denied.

2025-11-19 19:52:59,442-0800 ERROR miktex-console.core - Function: DeleteFileW
2025-11-19 19:52:59,442-0800 ERROR miktex-console.core - Result: 5
2025-11-19 19:52:59,442-0800 ERROR miktex-console.core - Data: path="D:\miktex-portable\texmfs\install\miktex\bin\x64\MiKTeX240100-bzip2.dll"
2025-11-19 19:52:59,442-0800 ERROR miktex-console.core - Source: Libraries\MiKTeX\Core\File\win\winFile.cpp:320
2025-11-19 19:52:59,469-0800 INFO  mainwindow - extracting files from miktex-bzip2-bin-x64-2.9.tar.lzma...
2025-11-19 19:52:59,690-0800 INFO  miktex-console.packagemanager - installing package miktex-cairo-bin-x64-2.9
2025-11-19 19:52:59,690-0800 INFO  mainwindow - downloading https://mirrors.mit.edu/CTAN/systems/win32/miktex/tm/packages/miktex-cairo-bin-x64-2.9.tar.lzma...
2025-11-19 19:52:59,690-0800 INFO  miktex-console.packagemanager - going to download https://mirrors.mit.edu/CTAN/systems/win32/miktex/tm/packages/miktex-cairo-bin-x64-2.9.tar.lzma
2025-11-19 19:53:00,373-0800 INFO  mainwindow - 0.44 MB, 5.11 Mbit/s
2025-11-19 19:53:00,420-0800 INFO  mainwindow - extracting files from miktex-cairo-bin-x64-2.9.tar.lzma...
2025-11-19 19:53:00,684-0800 INFO  miktex-console.packagemanager - installing package miktex-chktex-bin-x64-2.9
2025-11-19 19:53:00,684-0800 INFO  mainwindow - downloading https://mirrors.mit.edu/CTAN/systems/win32/miktex/tm/packages/miktex-chktex-bin-x64-2.9.tar.lzma...
2025-11-19 19:53:00,684-0800 INFO  miktex-console.packagemanager - going to download https://mirrors.mit.edu/CTAN/systems/win32/miktex/tm/packages/miktex-chktex-bin-x64-2.9.tar.lzma
2025-11-19 19:53:01,034-0800 INFO  mainwindow - 0.04 MB, 0.94 Mbit/s
2025-11-19 19:53:01,080-0800 INFO  mainwindow - extracting files from miktex-chktex-bin-x64-2.9.tar.lzma...
2025-11-19 19:53:01,178-0800 INFO  miktex-console.packagemanager - installing package miktex-cjkutils-bin-x64-2.9
2025-11-19 19:53:01,179-0800 INFO  mainwindow - downloading https://mirrors.mit.edu/CTAN/systems/win32/miktex/tm/packages/miktex-cjkutils-bin-x64-2.9.tar.lzma...
2025-11-19 19:53:01,179-0800 INFO  miktex-console.packagemanager - going to download https://mirrors.mit.edu/CTAN/systems/win32/miktex/tm/packages/miktex-cjkutils-bin-x64-2.9.tar.lzma
2025-11-19 19:53:01,458-0800 INFO  mainwindow - 0.06 MB, 1.76 Mbit/s
2025-11-19 19:53:01,549-0800 INFO  mainwindow - extracting files from miktex-cjkutils-bin-x64-2.9.tar.lzma...
2025-11-19 19:53:01,954-0800 INFO  miktex-console.packagemanager - installing package miktex-console-bin-x64-2.9
2025-11-19 19:53:01,954-0800 INFO  mainwindow - downloading https://mirrors.mit.edu/CTAN/systems/win32/miktex/tm/packages/miktex-console-bin-x64-2.9.tar.lzma...
2025-11-19 19:53:01,954-0800 INFO  miktex-console.packagemanager - going to download https://mirrors.mit.edu/CTAN/systems/win32/miktex/tm/packages/miktex-console-bin-x64-2.9.tar.lzma
2025-11-19 19:53:02,629-0800 INFO  mainwindow - 0.28 MB, 3.29 Mbit/s
2025-11-19 19:53:02,646-0800 ERROR miktex-console.core - Access is denied.

2025-11-19 19:53:02,646-0800 ERROR miktex-console.core - Function: DeleteFileW
2025-11-19 19:53:02,646-0800 ERROR miktex-console.core - Result: 5
2025-11-19 19:53:02,646-0800 ERROR miktex-console.core - Data: path="D:\miktex-portable\texmfs\install\miktex\bin\x64\miktex-console.exe"
2025-11-19 19:53:02,646-0800 ERROR miktex-console.core - Source: Libraries\MiKTeX\Core\File\win\winFile.cpp:320
2025-11-19 19:53:02,681-0800 INFO  mainwindow - extracting files from miktex-console-bin-x64-2.9.tar.lzma...
2025-11-19 19:53:02,900-0800 INFO  miktex-console.packagemanager - installing package miktex-curl-bin-x64-2.9
2025-11-19 19:53:02,900-0800 INFO  mainwindow - downloading https://mirrors.mit.edu/CTAN/systems/win32/miktex/tm/packages/miktex-curl-bin-x64-2.9.tar.lzma...
2025-11-19 19:53:02,900-0800 INFO  miktex-console.packagemanager - going to download https://mirrors.mit.edu/CTAN/systems/win32/miktex/tm/packages/miktex-curl-bin-x64-2.9.tar.lzma
2025-11-19 19:53:03,790-0800 INFO  mainwindow - 0.24 MB, 2.15 Mbit/s
2025-11-19 19:53:03,807-0800 ERROR miktex-console.core - Access is denied.

2025-11-19 19:53:03,807-0800 ERROR miktex-console.core - Function: DeleteFileW
2025-11-19 19:53:03,807-0800 ERROR miktex-console.core - Result: 5
2025-11-19 19:53:03,807-0800 ERROR miktex-console.core - Data: path="D:\miktex-portable\texmfs\install\miktex\bin\x64\MiKTeX240100-curl.dll"
2025-11-19 19:53:03,807-0800 ERROR miktex-console.core - Source: Libraries\MiKTeX\Core\File\win\winFile.cpp:320
2025-11-19 19:53:03,837-0800 INFO  mainwindow - extracting files from miktex-curl-bin-x64-2.9.tar.lzma...
2025-11-19 19:53:04,081-0800 INFO  miktex-console.packagemanager - installing package miktex-cweb-bin-x64-2.9
2025-11-19 19:53:04,081-0800 INFO  mainwindow - downloading https://mirrors.mit.edu/CTAN/systems/win32/miktex/tm/packages/miktex-cweb-bin-x64-2.9.tar.lzma...
2025-11-19 19:53:04,081-0800 INFO  miktex-console.packagemanager - going to download https://mirrors.mit.edu/CTAN/systems/win32/miktex/tm/packages/miktex-cweb-bin-x64-2.9.tar.lzma
2025-11-19 19:53:04,383-0800 INFO  mainwindow - 0.11 MB, 2.89 Mbit/s
2025-11-19 19:53:04,552-0800 INFO  mainwindow - extracting files from miktex-cweb-bin-x64-2.9.tar.lzma...
2025-11-19 19:53:04,847-0800 INFO  miktex-console.packagemanager - installing package miktex-devnag-bin-x64-2.9
2025-11-19 19:53:04,847-0800 INFO  mainwindow - downloading https://mirrors.mit.edu/CTAN/systems/win32/miktex/tm/packages/miktex-devnag-bin-x64-2.9.tar.lzma...
2025-11-19 19:53:04,847-0800 INFO  miktex-console.packagemanager - going to download https://mirrors.mit.edu/CTAN/systems/win32/miktex/tm/packages/miktex-devnag-bin-x64-2.9.tar.lzma
2025-11-19 19:53:05,269-0800 INFO  mainwindow - 0.03 MB, 0.51 Mbit/s
2025-11-19 19:53:05,314-0800 INFO  mainwindow - extracting files from miktex-devnag-bin-x64-2.9.tar.lzma...
2025-11-19 19:53:05,404-0800 INFO  miktex-console.packagemanager - installing package miktex-doc
2025-11-19 19:53:05,405-0800 INFO  mainwindow - downloading https://mirrors.mit.edu/CTAN/systems/win32/miktex/tm/packages/miktex-doc.tar.lzma...
2025-11-19 19:53:05,405-0800 INFO  miktex-console.packagemanager - going to download https://mirrors.mit.edu/CTAN/systems/win32/miktex/tm/packages/miktex-doc.tar.lzma
2025-11-19 19:53:06,389-0800 INFO  mainwindow - 0.47 MB, 3.85 Mbit/s
2025-11-19 19:53:13,953-0800 INFO  mainwindow - extracting files from miktex-doc.tar.lzma...
2025-11-19 19:53:15,532-0800 INFO  miktex-console.packagemanager - installing package miktex-dvicopy-bin-x64-2.9
2025-11-19 19:53:15,533-0800 INFO  mainwindow - downloading https://mirrors.mit.edu/CTAN/systems/win32/miktex/tm/packages/miktex-dvicopy-bin-x64-2.9.tar.lzma...
2025-11-19 19:53:15,533-0800 INFO  miktex-console.packagemanager - going to download https://mirrors.mit.edu/CTAN/systems/win32/miktex/tm/packages/miktex-dvicopy-bin-x64-2.9.tar.lzma
2025-11-19 19:53:15,897-0800 INFO  mainwindow - 0.05 MB, 1.21 Mbit/s
2025-11-19 19:53:15,944-0800 INFO  mainwindow - extracting files from miktex-dvicopy-bin-x64-2.9.tar.lzma...
2025-11-19 19:53:16,044-0800 INFO  miktex-console.packagemanager - installing package miktex-dvipdfmx-bin-x64-2.9
2025-11-19 19:53:16,045-0800 INFO  mainwindow - downloading https://mirrors.mit.edu/CTAN/systems/win32/miktex/tm/packages/miktex-dvipdfmx-bin-x64-2.9.tar.lzma...
2025-11-19 19:53:16,045-0800 INFO  miktex-console.packagemanager - going to download https://mirrors.mit.edu/CTAN/systems/win32/miktex/tm/packages/miktex-dvipdfmx-bin-x64-2.9.tar.lzma
2025-11-19 19:53:16,736-0800 INFO  mainwindow - 0.34 MB, 3.91 Mbit/s
2025-11-19 19:53:16,789-0800 INFO  mainwindow - extracting files from miktex-dvipdfmx-bin-x64-2.9.tar.lzma...
2025-11-19 19:53:16,961-0800 INFO  miktex-console.packagemanager - installing package miktex-dvipng-bin-x64-2.9
2025-11-19 19:53:16,962-0800 INFO  mainwindow - downloading https://mirrors.mit.edu/CTAN/systems/win32/miktex/tm/packages/miktex-dvipng-bin-x64-2.9.tar.lzma...
2025-11-19 19:53:16,962-0800 INFO  miktex-console.packagemanager - going to download https://mirrors.mit.edu/CTAN/systems/win32/miktex/tm/packages/miktex-dvipng-bin-x64-2.9.tar.lzma
2025-11-19 19:53:17,166-0800 INFO  mainwindow - 0.05 MB, 1.91 Mbit/s
2025-11-19 19:53:17,211-0800 INFO  mainwindow - extracting files from miktex-dvipng-bin-x64-2.9.tar.lzma...
2025-11-19 19:53:17,310-0800 INFO  miktex-console.packagemanager - installing package miktex-dvips-bin-x64-2.9
2025-11-19 19:53:17,311-0800 INFO  mainwindow - downloading https://mirrors.mit.edu/CTAN/systems/win32/miktex/tm/packages/miktex-dvips-bin-x64-2.9.tar.lzma...
2025-11-19 19:53:17,311-0800 INFO  miktex-console.packagemanager - going to download https://mirrors.mit.edu/CTAN/systems/win32/miktex/tm/packages/miktex-dvips-bin-x64-2.9.tar.lzma
2025-11-19 19:53:17,633-0800 INFO  mainwindow - 0.14 MB, 3.47 Mbit/s
2025-11-19 19:53:17,684-0800 INFO  mainwindow - extracting files from miktex-dvips-bin-x64-2.9.tar.lzma...
2025-11-19 19:53:17,837-0800 INFO  miktex-console.packagemanager - installing package miktex-dvisvgm-bin-x64-2.9
2025-11-19 19:53:17,837-0800 INFO  mainwindow - downloading https://mirrors.mit.edu/CTAN/systems/win32/miktex/tm/packages/miktex-dvisvgm-bin-x64-2.9.tar.lzma...
2025-11-19 19:53:17,837-0800 INFO  miktex-console.packagemanager - going to download https://mirrors.mit.edu/CTAN/systems/win32/miktex/tm/packages/miktex-dvisvgm-bin-x64-2.9.tar.lzma
2025-11-19 19:53:18,840-0800 INFO  mainwindow - 1.50 MB, 11.96 Mbit/s
2025-11-19 19:53:18,889-0800 INFO  mainwindow - extracting files from miktex-dvisvgm-bin-x64-2.9.tar.lzma...
2025-11-19 19:53:23,907-0800 INFO  miktex-console.packagemanager - installing package miktex-epstopdf-bin-x64-2.9
2025-11-19 19:53:23,907-0800 INFO  mainwindow - downloading https://mirrors.mit.edu/CTAN/systems/win32/miktex/tm/packages/miktex-epstopdf-bin-x64-2.9.tar.lzma...
2025-11-19 19:53:23,907-0800 INFO  miktex-console.packagemanager - going to download https://mirrors.mit.edu/CTAN/systems/win32/miktex/tm/packages/miktex-epstopdf-bin-x64-2.9.tar.lzma
2025-11-19 19:53:24,624-0800 INFO  mainwindow - 0.13 MB, 1.41 Mbit/s
2025-11-19 19:53:24,672-0800 INFO  mainwindow - extracting files from miktex-epstopdf-bin-x64-2.9.tar.lzma...
2025-11-19 19:53:24,784-0800 INFO  miktex-console.packagemanager - installing package miktex-expat-bin-x64-2.9
2025-11-19 19:53:24,785-0800 INFO  mainwindow - downloading https://mirrors.mit.edu/CTAN/systems/win32/miktex/tm/packages/miktex-expat-bin-x64-2.9.tar.lzma...
2025-11-19 19:53:24,785-0800 INFO  miktex-console.packagemanager - going to download https://mirrors.mit.edu/CTAN/systems/win32/miktex/tm/packages/miktex-expat-bin-x64-2.9.tar.lzma
2025-11-19 19:53:25,085-0800 INFO  mainwindow - 0.05 MB, 1.34 Mbit/s
2025-11-19 19:53:25,101-0800 ERROR miktex-console.core - Access is denied.

2025-11-19 19:53:25,101-0800 ERROR miktex-console.core - Function: DeleteFileW
2025-11-19 19:53:25,101-0800 ERROR miktex-console.core - Result: 5
2025-11-19 19:53:25,101-0800 ERROR miktex-console.core - Data: path="D:\miktex-portable\texmfs\install\miktex\bin\x64\MiKTeX240100-expat.dll"
2025-11-19 19:53:25,101-0800 ERROR miktex-console.core - Source: Libraries\MiKTeX\Core\File\win\winFile.cpp:320
2025-11-19 19:53:25,130-0800 INFO  mainwindow - extracting files from miktex-expat-bin-x64-2.9.tar.lzma...
2025-11-19 19:53:25,369-0800 INFO  miktex-console.packagemanager - installing package miktex-findtexmf-bin-x64-2.9
2025-11-19 19:53:25,370-0800 INFO  mainwindow - downloading https://mirrors.mit.edu/CTAN/systems/win32/miktex/tm/packages/miktex-findtexmf-bin-x64-2.9.tar.lzma...
2025-11-19 19:53:25,370-0800 INFO  miktex-console.packagemanager - going to download https://mirrors.mit.edu/CTAN/systems/win32/miktex/tm/packages/miktex-findtexmf-bin-x64-2.9.tar.lzma
2025-11-19 19:53:25,569-0800 INFO  mainwindow - 0.03 MB, 1.22 Mbit/s
2025-11-19 19:53:25,613-0800 INFO  mainwindow - extracting files from miktex-findtexmf-bin-x64-2.9.tar.lzma...
2025-11-19 19:53:25,698-0800 INFO  miktex-console.packagemanager - installing package miktex-fmt-bin-x64-2.9
2025-11-19 19:53:25,699-0800 INFO  mainwindow - downloading https://mirrors.mit.edu/CTAN/systems/win32/miktex/tm/packages/miktex-fmt-bin-x64-2.9.tar.lzma...
2025-11-19 19:53:25,699-0800 INFO  miktex-console.packagemanager - going to download https://mirrors.mit.edu/CTAN/systems/win32/miktex/tm/packages/miktex-fmt-bin-x64-2.9.tar.lzma
2025-11-19 19:53:25,951-0800 INFO  mainwindow - 0.08 MB, 2.57 Mbit/s
2025-11-19 19:53:25,966-0800 ERROR miktex-console.core - Access is denied.

2025-11-19 19:53:25,966-0800 ERROR miktex-console.core - Function: DeleteFileW
2025-11-19 19:53:25,966-0800 ERROR miktex-console.core - Result: 5
2025-11-19 19:53:25,966-0800 ERROR miktex-console.core - Data: path="D:\miktex-portable\texmfs\install\miktex\bin\x64\MiKTeX240100-fmt.dll"
2025-11-19 19:53:25,966-0800 ERROR miktex-console.core - Source: Libraries\MiKTeX\Core\File\win\winFile.cpp:320
2025-11-19 19:53:25,995-0800 INFO  mainwindow - extracting files from miktex-fmt-bin-x64-2.9.tar.lzma...
2025-11-19 19:53:26,223-0800 INFO  miktex-console.packagemanager - installing package miktex-fontconfig-bin-x64-2.9
2025-11-19 19:53:26,224-0800 INFO  mainwindow - downloading https://mirrors.mit.edu/CTAN/systems/win32/miktex/tm/packages/miktex-fontconfig-bin-x64-2.9.tar.lzma...
2025-11-19 19:53:26,224-0800 INFO  miktex-console.packagemanager - going to download https://mirrors.mit.edu/CTAN/systems/win32/miktex/tm/packages/miktex-fontconfig-bin-x64-2.9.tar.lzma
2025-11-19 19:53:27,277-0800 INFO  mainwindow - 0.16 MB, 1.22 Mbit/s
2025-11-19 19:53:27,382-0800 INFO  mainwindow - extracting files from miktex-fontconfig-bin-x64-2.9.tar.lzma...
2025-11-19 19:53:28,009-0800 INFO  miktex-console.packagemanager - installing package miktex-fonts-bin-x64-2.9
2025-11-19 19:53:28,009-0800 INFO  mainwindow - downloading https://mirrors.mit.edu/CTAN/systems/win32/miktex/tm/packages/miktex-fonts-bin-x64-2.9.tar.lzma...
2025-11-19 19:53:28,009-0800 INFO  miktex-console.packagemanager - going to download https://mirrors.mit.edu/CTAN/systems/win32/miktex/tm/packages/miktex-fonts-bin-x64-2.9.tar.lzma
2025-11-19 19:53:28,629-0800 INFO  mainwindow - 0.08 MB, 1.08 Mbit/s
2025-11-19 19:53:28,683-0800 INFO  mainwindow - extracting files from miktex-fonts-bin-x64-2.9.tar.lzma...
2025-11-19 19:53:28,940-0800 INFO  miktex-console.packagemanager - installing package miktex-freeglut-bin-x64-2.9
2025-11-19 19:53:28,941-0800 INFO  mainwindow - downloading https://mirrors.mit.edu/CTAN/systems/win32/miktex/tm/packages/miktex-freeglut-bin-x64-2.9.tar.lzma...
2025-11-19 19:53:28,941-0800 INFO  miktex-console.packagemanager - going to download https://mirrors.mit.edu/CTAN/systems/win32/miktex/tm/packages/miktex-freeglut-bin-x64-2.9.tar.lzma
2025-11-19 19:53:29,241-0800 INFO  mainwindow - 0.09 MB, 2.28 Mbit/s
2025-11-19 19:53:29,287-0800 INFO  mainwindow - extracting files from miktex-freeglut-bin-x64-2.9.tar.lzma...
2025-11-19 19:53:29,517-0800 INFO  miktex-console.packagemanager - installing package miktex-freetype2-bin-x64-2.9
2025-11-19 19:53:29,518-0800 INFO  mainwindow - downloading https://mirrors.mit.edu/CTAN/systems/win32/miktex/tm/packages/miktex-freetype2-bin-x64-2.9.tar.lzma...
2025-11-19 19:53:29,518-0800 INFO  miktex-console.packagemanager - going to download https://mirrors.mit.edu/CTAN/systems/win32/miktex/tm/packages/miktex-freetype2-bin-x64-2.9.tar.lzma
2025-11-19 19:53:31,341-0800 INFO  mainwindow - 0.31 MB, 1.34 Mbit/s
2025-11-19 19:53:31,390-0800 INFO  mainwindow - extracting files from miktex-freetype2-bin-x64-2.9.tar.lzma...
2025-11-19 19:53:31,634-0800 INFO  miktex-console.packagemanager - installing package miktex-fribidixetex-bin-x64-2.9
2025-11-19 19:53:31,634-0800 INFO  mainwindow - downloading https://mirrors.mit.edu/CTAN/systems/win32/miktex/tm/packages/miktex-fribidixetex-bin-x64-2.9.tar.lzma...
2025-11-19 19:53:31,634-0800 INFO  miktex-console.packagemanager - going to download https://mirrors.mit.edu/CTAN/systems/win32/miktex/tm/packages/miktex-fribidixetex-bin-x64-2.9.tar.lzma
2025-11-19 19:53:32,404-0800 INFO  mainwindow - 0.03 MB, 0.27 Mbit/s
2025-11-19 19:53:32,454-0800 INFO  mainwindow - extracting files from miktex-fribidixetex-bin-x64-2.9.tar.lzma...
2025-11-19 19:53:32,548-0800 INFO  miktex-console.packagemanager - installing package miktex-gd-bin-x64-2.9
2025-11-19 19:53:32,548-0800 INFO  mainwindow - downloading https://mirrors.mit.edu/CTAN/systems/win32/miktex/tm/packages/miktex-gd-bin-x64-2.9.tar.lzma...
2025-11-19 19:53:32,548-0800 INFO  miktex-console.packagemanager - going to download https://mirrors.mit.edu/CTAN/systems/win32/miktex/tm/packages/miktex-gd-bin-x64-2.9.tar.lzma
2025-11-19 19:53:33,299-0800 INFO  mainwindow - 0.11 MB, 1.13 Mbit/s
2025-11-19 19:53:33,346-0800 INFO  mainwindow - extracting files from miktex-gd-bin-x64-2.9.tar.lzma...
2025-11-19 19:53:33,577-0800 INFO  miktex-console.packagemanager - installing package miktex-graphite2-bin-x64-2.9
2025-11-19 19:53:33,577-0800 INFO  mainwindow - downloading https://mirrors.mit.edu/CTAN/systems/win32/miktex/tm/packages/miktex-graphite2-bin-x64-2.9.tar.lzma...
2025-11-19 19:53:33,577-0800 INFO  miktex-console.packagemanager - going to download https://mirrors.mit.edu/CTAN/systems/win32/miktex/tm/packages/miktex-graphite2-bin-x64-2.9.tar.lzma
2025-11-19 19:53:34,116-0800 INFO  mainwindow - 0.07 MB, 1.09 Mbit/s
2025-11-19 19:53:34,171-0800 INFO  mainwindow - extracting files from miktex-graphite2-bin-x64-2.9.tar.lzma...
2025-11-19 19:53:34,400-0800 INFO  miktex-console.packagemanager - installing package miktex-gregorio-bin-x64-2.9
2025-11-19 19:53:34,400-0800 INFO  mainwindow - downloading https://mirrors.mit.edu/CTAN/systems/win32/miktex/tm/packages/miktex-gregorio-bin-x64-2.9.tar.lzma...
2025-11-19 19:53:34,400-0800 INFO  miktex-console.packagemanager - going to download https://mirrors.mit.edu/CTAN/systems/win32/miktex/tm/packages/miktex-gregorio-bin-x64-2.9.tar.lzma
2025-11-19 19:53:34,821-0800 INFO  mainwindow - 0.12 MB, 2.27 Mbit/s
2025-11-19 19:53:34,869-0800 INFO  mainwindow - extracting files from miktex-gregorio-bin-x64-2.9.tar.lzma...
2025-11-19 19:53:34,993-0800 INFO  miktex-console.packagemanager - installing package miktex-gsf2pk-bin-x64-2.9
2025-11-19 19:53:34,994-0800 INFO  mainwindow - downloading https://mirrors.mit.edu/CTAN/systems/win32/miktex/tm/packages/miktex-gsf2pk-bin-x64-2.9.tar.lzma...
2025-11-19 19:53:34,994-0800 INFO  miktex-console.packagemanager - going to download https://mirrors.mit.edu/CTAN/systems/win32/miktex/tm/packages/miktex-gsf2pk-bin-x64-2.9.tar.lzma
2025-11-19 19:53:35,549-0800 INFO  mainwindow - 0.05 MB, 0.65 Mbit/s
2025-11-19 19:53:35,594-0800 INFO  mainwindow - extracting files from miktex-gsf2pk-bin-x64-2.9.tar.lzma...
2025-11-19 19:53:35,688-0800 INFO  miktex-console.packagemanager - installing package miktex-harfbuzz-bin-x64-2.9
2025-11-19 19:53:35,689-0800 INFO  mainwindow - downloading https://mirrors.mit.edu/CTAN/systems/win32/miktex/tm/packages/miktex-harfbuzz-bin-x64-2.9.tar.lzma...
2025-11-19 19:53:35,689-0800 INFO  miktex-console.packagemanager - going to download https://mirrors.mit.edu/CTAN/systems/win32/miktex/tm/packages/miktex-harfbuzz-bin-x64-2.9.tar.lzma
2025-11-19 19:53:37,064-0800 INFO  mainwindow - 0.78 MB, 4.56 Mbit/s
2025-11-19 19:53:37,113-0800 INFO  mainwindow - extracting files from miktex-harfbuzz-bin-x64-2.9.tar.lzma...
2025-11-19 19:53:38,596-0800 INFO  miktex-console.packagemanager - installing package miktex-hitex-bin-x64
2025-11-19 19:53:38,597-0800 INFO  mainwindow - downloading https://mirrors.mit.edu/CTAN/systems/win32/miktex/tm/packages/miktex-hitex-bin-x64.tar.lzma...
2025-11-19 19:53:38,597-0800 INFO  miktex-console.packagemanager - going to download https://mirrors.mit.edu/CTAN/systems/win32/miktex/tm/packages/miktex-hitex-bin-x64.tar.lzma
2025-11-19 19:53:39,271-0800 INFO  mainwindow - 0.26 MB, 3.14 Mbit/s
2025-11-19 19:53:39,966-0800 INFO  mainwindow - extracting files from miktex-hitex-bin-x64.tar.lzma...
2025-11-19 19:53:40,184-0800 INFO  miktex-console.packagemanager - installing package miktex-hunspell-bin-x64-2.9
2025-11-19 19:53:40,185-0800 INFO  mainwindow - downloading https://mirrors.mit.edu/CTAN/systems/win32/miktex/tm/packages/miktex-hunspell-bin-x64-2.9.tar.lzma...
2025-11-19 19:53:40,185-0800 INFO  miktex-console.packagemanager - going to download https://mirrors.mit.edu/CTAN/systems/win32/miktex/tm/packages/miktex-hunspell-bin-x64-2.9.tar.lzma
2025-11-19 19:53:41,317-0800 INFO  mainwindow - 0.24 MB, 1.67 Mbit/s
2025-11-19 19:53:41,364-0800 INFO  mainwindow - extracting files from miktex-hunspell-bin-x64-2.9.tar.lzma...
2025-11-19 19:53:46,331-0800 INFO  miktex-console.packagemanager - installing package miktex-icu-bin-x64
2025-11-19 19:53:46,332-0800 INFO  mainwindow - downloading https://mirrors.mit.edu/CTAN/systems/win32/miktex/tm/packages/miktex-icu-bin-x64.tar.lzma...
2025-11-19 19:53:46,332-0800 INFO  miktex-console.packagemanager - going to download https://mirrors.mit.edu/CTAN/systems/win32/miktex/tm/packages/miktex-icu-bin-x64.tar.lzma
2025-11-19 19:53:48,200-0800 INFO  mainwindow - 9.59 MB, 41.06 Mbit/s
2025-11-19 19:53:48,281-0800 INFO  mainwindow - extracting files from miktex-icu-bin-x64.tar.lzma...
2025-11-19 19:53:55,766-0800 INFO  miktex-console.packagemanager - installing package miktex-jpeg-bin-x64-2.9
2025-11-19 19:53:55,766-0800 INFO  mainwindow - downloading https://mirrors.mit.edu/CTAN/systems/win32/miktex/tm/packages/miktex-jpeg-bin-x64-2.9.tar.lzma...
2025-11-19 19:53:55,766-0800 INFO  miktex-console.packagemanager - going to download https://mirrors.mit.edu/CTAN/systems/win32/miktex/tm/packages/miktex-jpeg-bin-x64-2.9.tar.lzma
2025-11-19 19:53:56,249-0800 INFO  mainwindow - 0.11 MB, 1.83 Mbit/s
2025-11-19 19:53:56,298-0800 INFO  mainwindow - extracting files from miktex-jpeg-bin-x64-2.9.tar.lzma...
2025-11-19 19:53:56,528-0800 INFO  miktex-console.packagemanager - installing package miktex-kpathsea-bin-x64-2.9
2025-11-19 19:53:56,528-0800 INFO  mainwindow - downloading https://mirrors.mit.edu/CTAN/systems/win32/miktex/tm/packages/miktex-kpathsea-bin-x64-2.9.tar.lzma...
2025-11-19 19:53:56,528-0800 INFO  miktex-console.packagemanager - going to download https://mirrors.mit.edu/CTAN/systems/win32/miktex/tm/packages/miktex-kpathsea-bin-x64-2.9.tar.lzma
2025-11-19 19:53:56,734-0800 INFO  mainwindow - 0.02 MB, 0.83 Mbit/s
2025-11-19 19:53:56,780-0800 INFO  mainwindow - extracting files from miktex-kpathsea-bin-x64-2.9.tar.lzma...
2025-11-19 19:53:56,868-0800 INFO  miktex-console.packagemanager - installing package miktex-lacheck-bin-x64-2.9
2025-11-19 19:53:56,868-0800 INFO  mainwindow - downloading https://mirrors.mit.edu/CTAN/systems/win32/miktex/tm/packages/miktex-lacheck-bin-x64-2.9.tar.lzma...
2025-11-19 19:53:56,868-0800 INFO  miktex-console.packagemanager - going to download https://mirrors.mit.edu/CTAN/systems/win32/miktex/tm/packages/miktex-lacheck-bin-x64-2.9.tar.lzma
2025-11-19 19:53:57,294-0800 INFO  mainwindow - 0.03 MB, 0.64 Mbit/s
2025-11-19 19:53:57,342-0800 INFO  mainwindow - extracting files from miktex-lacheck-bin-x64-2.9.tar.lzma...
2025-11-19 19:53:57,435-0800 INFO  miktex-console.packagemanager - installing package miktex-lcdf-typetools-bin-x64-2.9
2025-11-19 19:53:57,436-0800 INFO  mainwindow - downloading https://mirrors.mit.edu/CTAN/systems/win32/miktex/tm/packages/miktex-lcdf-typetools-bin-x64-2.9.tar.lzma...
2025-11-19 19:53:57,436-0800 INFO  miktex-console.packagemanager - going to download https://mirrors.mit.edu/CTAN/systems/win32/miktex/tm/packages/miktex-lcdf-typetools-bin-x64-2.9.tar.lzma
2025-11-19 19:53:58,164-0800 INFO  mainwindow - 0.75 MB, 8.19 Mbit/s
2025-11-19 19:53:58,274-0800 INFO  mainwindow - extracting files from miktex-lcdf-typetools-bin-x64-2.9.tar.lzma...
2025-11-19 19:53:59,114-0800 INFO  miktex-console.packagemanager - installing package miktex-libressl-bin-x64-2.9
2025-11-19 19:53:59,114-0800 INFO  mainwindow - downloading https://mirrors.mit.edu/CTAN/systems/win32/miktex/tm/packages/miktex-libressl-bin-x64-2.9.tar.lzma...
2025-11-19 19:53:59,114-0800 INFO  miktex-console.packagemanager - going to download https://mirrors.mit.edu/CTAN/systems/win32/miktex/tm/packages/miktex-libressl-bin-x64-2.9.tar.lzma
2025-11-19 19:53:59,907-0800 INFO  mainwindow - 0.61 MB, 6.13 Mbit/s
2025-11-19 19:53:59,922-0800 ERROR miktex-console.core - Access is denied.

2025-11-19 19:53:59,922-0800 ERROR miktex-console.core - Function: DeleteFileW
2025-11-19 19:53:59,922-0800 ERROR miktex-console.core - Result: 5
2025-11-19 19:53:59,922-0800 ERROR miktex-console.core - Data: path="D:\miktex-portable\texmfs\install\miktex\bin\x64\MiKTeX240100-libressl-crypto.dll"
2025-11-19 19:53:59,922-0800 ERROR miktex-console.core - Source: Libraries\MiKTeX\Core\File\win\winFile.cpp:320
2025-11-19 19:53:59,950-0800 INFO  mainwindow - extracting files from miktex-libressl-bin-x64-2.9.tar.lzma...
2025-11-19 19:54:00,247-0800 INFO  miktex-console.packagemanager - installing package miktex-log4cxx-bin-x64-2.9
2025-11-19 19:54:00,248-0800 INFO  mainwindow - downloading https://mirrors.mit.edu/CTAN/systems/win32/miktex/tm/packages/miktex-log4cxx-bin-x64-2.9.tar.lzma...
2025-11-19 19:54:00,248-0800 INFO  miktex-console.packagemanager - going to download https://mirrors.mit.edu/CTAN/systems/win32/miktex/tm/packages/miktex-log4cxx-bin-x64-2.9.tar.lzma
2025-11-19 19:54:01,069-0800 INFO  mainwindow - 0.64 MB, 6.25 Mbit/s
2025-11-19 19:54:01,088-0800 ERROR miktex-console.core - Access is denied.

2025-11-19 19:54:01,088-0800 ERROR miktex-console.core - Function: DeleteFileW
2025-11-19 19:54:01,088-0800 ERROR miktex-console.core - Result: 5
2025-11-19 19:54:01,088-0800 ERROR miktex-console.core - Data: path="D:\miktex-portable\texmfs\install\miktex\bin\x64\MiKTeX240100-apr.dll"
2025-11-19 19:54:01,088-0800 ERROR miktex-console.core - Source: Libraries\MiKTeX\Core\File\win\winFile.cpp:320
2025-11-19 19:54:01,093-0800 ERROR miktex-console.core - Access is denied.

2025-11-19 19:54:01,093-0800 ERROR miktex-console.core - Function: DeleteFileW
2025-11-19 19:54:01,093-0800 ERROR miktex-console.core - Result: 5
2025-11-19 19:54:01,093-0800 ERROR miktex-console.core - Data: path="D:\miktex-portable\texmfs\install\miktex\bin\x64\MiKTeX240100-log4cxx.dll"
2025-11-19 19:54:01,093-0800 ERROR miktex-console.core - Source: Libraries\MiKTeX\Core\File\win\winFile.cpp:320
2025-11-19 19:54:01,097-0800 ERROR miktex-console.core - Access is denied.

2025-11-19 19:54:01,097-0800 ERROR miktex-console.core - Function: DeleteFileW
2025-11-19 19:54:01,097-0800 ERROR miktex-console.core - Result: 5
2025-11-19 19:54:01,097-0800 ERROR miktex-console.core - Data: path="D:\miktex-portable\texmfs\install\miktex\bin\x64\MiKTeX240100-aprutil.dll"
2025-11-19 19:54:01,098-0800 ERROR miktex-console.core - Source: Libraries\MiKTeX\Core\File\win\winFile.cpp:320
2025-11-19 19:54:01,127-0800 INFO  mainwindow - extracting files from miktex-log4cxx-bin-x64-2.9.tar.lzma...
2025-11-19 19:54:01,657-0800 INFO  miktex-console.packagemanager - installing package miktex-lua53-bin-x64-2.9
2025-11-19 19:54:01,658-0800 INFO  mainwindow - downloading https://mirrors.mit.edu/CTAN/systems/win32/miktex/tm/packages/miktex-lua53-bin-x64-2.9.tar.lzma...
2025-11-19 19:54:01,658-0800 INFO  miktex-console.packagemanager - going to download https://mirrors.mit.edu/CTAN/systems/win32/miktex/tm/packages/miktex-lua53-bin-x64-2.9.tar.lzma
2025-11-19 19:54:02,079-0800 INFO  mainwindow - 0.10 MB, 1.98 Mbit/s
2025-11-19 19:54:02,139-0800 INFO  mainwindow - extracting files from miktex-lua53-bin-x64-2.9.tar.lzma...
2025-11-19 19:54:02,469-0800 INFO  miktex-console.packagemanager - installing package miktex-luatex-bin-x64-2.9
2025-11-19 19:54:02,470-0800 INFO  mainwindow - downloading https://mirrors.mit.edu/CTAN/systems/win32/miktex/tm/packages/miktex-luatex-bin-x64-2.9.tar.lzma...
2025-11-19 19:54:02,470-0800 INFO  miktex-console.packagemanager - going to download https://mirrors.mit.edu/CTAN/systems/win32/miktex/tm/packages/miktex-luatex-bin-x64-2.9.tar.lzma
2025-11-19 19:54:03,317-0800 INFO  mainwindow - 2.02 MB, 19.11 Mbit/s
2025-11-19 19:54:03,382-0800 INFO  mainwindow - extracting files from miktex-luatex-bin-x64-2.9.tar.lzma...
2025-11-19 19:54:10,983-0800 INFO  miktex-console.packagemanager - installing package miktex-lzma-bin-x64-2.9
2025-11-19 19:54:10,983-0800 INFO  mainwindow - downloading https://mirrors.mit.edu/CTAN/systems/win32/miktex/tm/packages/miktex-lzma-bin-x64-2.9.tar.lzma...
2025-11-19 19:54:10,983-0800 INFO  miktex-console.packagemanager - going to download https://mirrors.mit.edu/CTAN/systems/win32/miktex/tm/packages/miktex-lzma-bin-x64-2.9.tar.lzma
2025-11-19 19:54:11,478-0800 INFO  mainwindow - 0.08 MB, 1.33 Mbit/s
2025-11-19 19:54:11,493-0800 ERROR miktex-console.core - Access is denied.

2025-11-19 19:54:11,493-0800 ERROR miktex-console.core - Function: DeleteFileW
2025-11-19 19:54:11,493-0800 ERROR miktex-console.core - Result: 5
2025-11-19 19:54:11,493-0800 ERROR miktex-console.core - Data: path="D:\miktex-portable\texmfs\install\miktex\bin\x64\MiKTeX240100-lzma2.dll"
2025-11-19 19:54:11,493-0800 ERROR miktex-console.core - Source: Libraries\MiKTeX\Core\File\win\winFile.cpp:320
2025-11-19 19:54:11,523-0800 INFO  mainwindow - extracting files from miktex-lzma-bin-x64-2.9.tar.lzma...
2025-11-19 19:54:11,751-0800 INFO  miktex-console.packagemanager - installing package miktex-m-tx-bin-x64-2.9
2025-11-19 19:54:11,751-0800 INFO  mainwindow - downloading https://mirrors.mit.edu/CTAN/systems/win32/miktex/tm/packages/miktex-m-tx-bin-x64-2.9.tar.lzma...
2025-11-19 19:54:11,751-0800 INFO  miktex-console.packagemanager - going to download https://mirrors.mit.edu/CTAN/systems/win32/miktex/tm/packages/miktex-m-tx-bin-x64-2.9.tar.lzma
2025-11-19 19:54:12,233-0800 INFO  mainwindow - 0.05 MB, 0.88 Mbit/s
2025-11-19 19:54:12,280-0800 INFO  mainwindow - extracting files from miktex-m-tx-bin-x64-2.9.tar.lzma...
2025-11-19 19:54:12,379-0800 INFO  miktex-console.packagemanager - installing package miktex-makeindex-bin-x64-2.9
2025-11-19 19:54:12,380-0800 INFO  mainwindow - downloading https://mirrors.mit.edu/CTAN/systems/win32/miktex/tm/packages/miktex-makeindex-bin-x64-2.9.tar.lzma...
2025-11-19 19:54:12,380-0800 INFO  miktex-console.packagemanager - going to download https://mirrors.mit.edu/CTAN/systems/win32/miktex/tm/packages/miktex-makeindex-bin-x64-2.9.tar.lzma
2025-11-19 19:54:12,679-0800 INFO  mainwindow - 0.03 MB, 0.93 Mbit/s
2025-11-19 19:54:12,727-0800 INFO  mainwindow - extracting files from miktex-makeindex-bin-x64-2.9.tar.lzma...
2025-11-19 19:54:12,827-0800 INFO  miktex-console.packagemanager - installing package miktex-md5-bin-x64-2.9
2025-11-19 19:54:12,827-0800 INFO  mainwindow - downloading https://mirrors.mit.edu/CTAN/systems/win32/miktex/tm/packages/miktex-md5-bin-x64-2.9.tar.lzma...
2025-11-19 19:54:12,827-0800 INFO  miktex-console.packagemanager - going to download https://mirrors.mit.edu/CTAN/systems/win32/miktex/tm/packages/miktex-md5-bin-x64-2.9.tar.lzma
2025-11-19 19:54:13,005-0800 INFO  mainwindow - 0.01 MB, 0.41 Mbit/s
2025-11-19 19:54:13,020-0800 ERROR miktex-console.core - Access is denied.

2025-11-19 19:54:13,020-0800 ERROR miktex-console.core - Function: DeleteFileW
2025-11-19 19:54:13,020-0800 ERROR miktex-console.core - Result: 5
2025-11-19 19:54:13,020-0800 ERROR miktex-console.core - Data: path="D:\miktex-portable\texmfs\install\miktex\bin\x64\MiKTeX240100-md5.dll"
2025-11-19 19:54:13,020-0800 ERROR miktex-console.core - Source: Libraries\MiKTeX\Core\File\win\winFile.cpp:320
2025-11-19 19:54:13,050-0800 INFO  mainwindow - extracting files from miktex-md5-bin-x64-2.9.tar.lzma...
2025-11-19 19:54:13,273-0800 INFO  miktex-console.packagemanager - installing package miktex-metafont-bin-x64-2.9
2025-11-19 19:54:13,273-0800 INFO  mainwindow - downloading https://mirrors.mit.edu/CTAN/systems/win32/miktex/tm/packages/miktex-metafont-bin-x64-2.9.tar.lzma...
2025-11-19 19:54:13,273-0800 INFO  miktex-console.packagemanager - going to download https://mirrors.mit.edu/CTAN/systems/win32/miktex/tm/packages/miktex-metafont-bin-x64-2.9.tar.lzma
2025-11-19 19:54:13,919-0800 INFO  mainwindow - 0.24 MB, 2.97 Mbit/s
2025-11-19 19:54:13,964-0800 INFO  mainwindow - extracting files from miktex-metafont-bin-x64-2.9.tar.lzma...
2025-11-19 19:54:16,150-0800 INFO  miktex-console.packagemanager - installing package miktex-metapost-bin-x64-2.9
2025-11-19 19:54:16,151-0800 INFO  mainwindow - downloading https://mirrors.mit.edu/CTAN/systems/win32/miktex/tm/packages/miktex-metapost-bin-x64-2.9.tar.lzma...
2025-11-19 19:54:16,151-0800 INFO  miktex-console.packagemanager - going to download https://mirrors.mit.edu/CTAN/systems/win32/miktex/tm/packages/miktex-metapost-bin-x64-2.9.tar.lzma
2025-11-19 19:54:17,270-0800 INFO  mainwindow - 0.47 MB, 3.39 Mbit/s
2025-11-19 19:54:17,324-0800 INFO  mainwindow - extracting files from miktex-metapost-bin-x64-2.9.tar.lzma...
2025-11-19 19:54:17,640-0800 INFO  miktex-console.packagemanager - installing package miktex-mfware-bin-x64-2.9
2025-11-19 19:54:17,640-0800 INFO  mainwindow - downloading https://mirrors.mit.edu/CTAN/systems/win32/miktex/tm/packages/miktex-mfware-bin-x64-2.9.tar.lzma...
2025-11-19 19:54:17,640-0800 INFO  miktex-console.packagemanager - going to download https://mirrors.mit.edu/CTAN/systems/win32/miktex/tm/packages/miktex-mfware-bin-x64-2.9.tar.lzma
2025-11-19 19:54:18,235-0800 INFO  mainwindow - 0.11 MB, 1.49 Mbit/s
2025-11-19 19:54:18,299-0800 INFO  mainwindow - extracting files from miktex-mfware-bin-x64-2.9.tar.lzma...
2025-11-19 19:54:18,549-0800 INFO  miktex-console.packagemanager - installing package miktex-misc
2025-11-19 19:54:18,549-0800 INFO  mainwindow - downloading https://mirrors.mit.edu/CTAN/systems/win32/miktex/tm/packages/miktex-misc.tar.lzma...
2025-11-19 19:54:18,550-0800 INFO  miktex-console.packagemanager - going to download https://mirrors.mit.edu/CTAN/systems/win32/miktex/tm/packages/miktex-misc.tar.lzma
2025-11-19 19:54:18,771-0800 INFO  mainwindow - 0.02 MB, 0.85 Mbit/s
2025-11-19 19:54:18,963-0800 INFO  mainwindow - extracting files from miktex-misc.tar.lzma...
2025-11-19 19:54:19,466-0800 INFO  miktex-console.packagemanager - installing package miktex-mktex-bin-x64-2.9
2025-11-19 19:54:19,466-0800 INFO  mainwindow - downloading https://mirrors.mit.edu/CTAN/systems/win32/miktex/tm/packages/miktex-mktex-bin-x64-2.9.tar.lzma...
2025-11-19 19:54:19,466-0800 INFO  miktex-console.packagemanager - going to download https://mirrors.mit.edu/CTAN/systems/win32/miktex/tm/packages/miktex-mktex-bin-x64-2.9.tar.lzma
2025-11-19 19:54:19,909-0800 INFO  mainwindow - 0.14 MB, 2.59 Mbit/s
2025-11-19 19:54:19,978-0800 INFO  mainwindow - extracting files from miktex-mktex-bin-x64-2.9.tar.lzma...
2025-11-19 19:54:20,276-0800 INFO  miktex-console.packagemanager - installing package miktex-mo-bin-x64-2.9
2025-11-19 19:54:20,277-0800 INFO  mainwindow - downloading https://mirrors.mit.edu/CTAN/systems/win32/miktex/tm/packages/miktex-mo-bin-x64-2.9.tar.lzma...
2025-11-19 19:54:20,277-0800 INFO  miktex-console.packagemanager - going to download https://mirrors.mit.edu/CTAN/systems/win32/miktex/tm/packages/miktex-mo-bin-x64-2.9.tar.lzma
2025-11-19 19:54:20,817-0800 INFO  mainwindow - 0.29 MB, 4.37 Mbit/s
2025-11-19 19:54:20,875-0800 INFO  mainwindow - extracting files from miktex-mo-bin-x64-2.9.tar.lzma...
2025-11-19 19:54:21,114-0800 INFO  miktex-console.packagemanager - installing package miktex-mpmcli-bin-x64-2.9
2025-11-19 19:54:21,115-0800 INFO  mainwindow - downloading https://mirrors.mit.edu/CTAN/systems/win32/miktex/tm/packages/miktex-mpmcli-bin-x64-2.9.tar.lzma...
2025-11-19 19:54:21,115-0800 INFO  miktex-console.packagemanager - going to download https://mirrors.mit.edu/CTAN/systems/win32/miktex/tm/packages/miktex-mpmcli-bin-x64-2.9.tar.lzma
2025-11-19 19:54:21,272-0800 INFO  mainwindow - 0.06 MB, 2.95 Mbit/s
2025-11-19 19:54:21,316-0800 INFO  mainwindow - extracting files from miktex-mpmcli-bin-x64-2.9.tar.lzma...
2025-11-19 19:54:21,411-0800 INFO  miktex-console.packagemanager - installing package miktex-mspack-bin-x64-2.9
2025-11-19 19:54:21,412-0800 INFO  mainwindow - downloading https://mirrors.mit.edu/CTAN/systems/win32/miktex/tm/packages/miktex-mspack-bin-x64-2.9.tar.lzma...
2025-11-19 19:54:21,412-0800 INFO  miktex-console.packagemanager - going to download https://mirrors.mit.edu/CTAN/systems/win32/miktex/tm/packages/miktex-mspack-bin-x64-2.9.tar.lzma
2025-11-19 19:54:21,755-0800 INFO  mainwindow - 0.04 MB, 0.83 Mbit/s
2025-11-19 19:54:21,770-0800 ERROR miktex-console.core - Access is denied.

2025-11-19 19:54:21,770-0800 ERROR miktex-console.core - Function: DeleteFileW
2025-11-19 19:54:21,770-0800 ERROR miktex-console.core - Result: 5
2025-11-19 19:54:21,770-0800 ERROR miktex-console.core - Data: path="D:\miktex-portable\texmfs\install\miktex\bin\x64\MiKTeX240100-mspack.dll"
2025-11-19 19:54:21,770-0800 ERROR miktex-console.core - Source: Libraries\MiKTeX\Core\File\win\winFile.cpp:320
2025-11-19 19:54:21,798-0800 INFO  mainwindow - extracting files from miktex-mspack-bin-x64-2.9.tar.lzma...
2025-11-19 19:54:22,023-0800 INFO  miktex-console.packagemanager - installing package miktex-mthelp-bin-x64-2.9
2025-11-19 19:54:22,024-0800 INFO  mainwindow - downloading https://mirrors.mit.edu/CTAN/systems/win32/miktex/tm/packages/miktex-mthelp-bin-x64-2.9.tar.lzma...
2025-11-19 19:54:22,024-0800 INFO  miktex-console.packagemanager - going to download https://mirrors.mit.edu/CTAN/systems/win32/miktex/tm/packages/miktex-mthelp-bin-x64-2.9.tar.lzma
2025-11-19 19:54:22,531-0800 INFO  mainwindow - 0.05 MB, 0.73 Mbit/s
2025-11-19 19:54:22,576-0800 INFO  mainwindow - extracting files from miktex-mthelp-bin-x64-2.9.tar.lzma...
2025-11-19 19:54:22,676-0800 INFO  miktex-console.packagemanager - installing package miktex-mtprint-bin-x64-2.9
2025-11-19 19:54:22,676-0800 INFO  mainwindow - downloading https://mirrors.mit.edu/CTAN/systems/win32/miktex/tm/packages/miktex-mtprint-bin-x64-2.9.tar.lzma...
2025-11-19 19:54:22,676-0800 INFO  miktex-console.packagemanager - going to download https://mirrors.mit.edu/CTAN/systems/win32/miktex/tm/packages/miktex-mtprint-bin-x64-2.9.tar.lzma
2025-11-19 19:54:22,985-0800 INFO  mainwindow - 0.05 MB, 1.27 Mbit/s
2025-11-19 19:54:23,032-0800 INFO  mainwindow - extracting files from miktex-mtprint-bin-x64-2.9.tar.lzma...
2025-11-19 19:54:23,134-0800 INFO  miktex-console.packagemanager - installing package miktex-omegaware-bin-x64-2.9
2025-11-19 19:54:23,134-0800 INFO  mainwindow - downloading https://mirrors.mit.edu/CTAN/systems/win32/miktex/tm/packages/miktex-omegaware-bin-x64-2.9.tar.lzma...
2025-11-19 19:54:23,134-0800 INFO  miktex-console.packagemanager - going to download https://mirrors.mit.edu/CTAN/systems/win32/miktex/tm/packages/miktex-omegaware-bin-x64-2.9.tar.lzma
2025-11-19 19:54:23,653-0800 INFO  mainwindow - 0.22 MB, 3.42 Mbit/s
2025-11-19 19:54:23,739-0800 INFO  mainwindow - extracting files from miktex-omegaware-bin-x64-2.9.tar.lzma...
2025-11-19 19:54:24,180-0800 INFO  miktex-console.packagemanager - installing package miktex-patgen-bin-x64
2025-11-19 19:54:24,181-0800 INFO  mainwindow - downloading https://mirrors.mit.edu/CTAN/systems/win32/miktex/tm/packages/miktex-patgen-bin-x64.tar.lzma...
2025-11-19 19:54:24,181-0800 INFO  miktex-console.packagemanager - going to download https://mirrors.mit.edu/CTAN/systems/win32/miktex/tm/packages/miktex-patgen-bin-x64.tar.lzma
2025-11-19 19:54:24,319-0800 INFO  mainwindow - 0.04 MB, 2.54 Mbit/s
2025-11-19 19:54:24,365-0800 INFO  mainwindow - extracting files from miktex-patgen-bin-x64.tar.lzma...
2025-11-19 19:54:24,464-0800 INFO  miktex-console.packagemanager - installing package miktex-pdftex-bin-x64-2.9
2025-11-19 19:54:24,465-0800 INFO  mainwindow - downloading https://mirrors.mit.edu/CTAN/systems/win32/miktex/tm/packages/miktex-pdftex-bin-x64-2.9.tar.lzma...
2025-11-19 19:54:24,465-0800 INFO  miktex-console.packagemanager - going to download https://mirrors.mit.edu/CTAN/systems/win32/miktex/tm/packages/miktex-pdftex-bin-x64-2.9.tar.lzma
2025-11-19 19:54:25,031-0800 INFO  mainwindow - 0.84 MB, 11.82 Mbit/s
2025-11-19 19:54:25,092-0800 INFO  mainwindow - extracting files from miktex-pdftex-bin-x64-2.9.tar.lzma...
2025-11-19 19:54:25,436-0800 INFO  miktex-console.packagemanager - installing package miktex-pixman-bin-x64-2.9
2025-11-19 19:54:25,436-0800 INFO  mainwindow - downloading https://mirrors.mit.edu/CTAN/systems/win32/miktex/tm/packages/miktex-pixman-bin-x64-2.9.tar.lzma...
2025-11-19 19:54:25,437-0800 INFO  miktex-console.packagemanager - going to download https://mirrors.mit.edu/CTAN/systems/win32/miktex/tm/packages/miktex-pixman-bin-x64-2.9.tar.lzma
2025-11-19 19:54:25,902-0800 INFO  mainwindow - 0.21 MB, 3.57 Mbit/s
2025-11-19 19:54:25,951-0800 INFO  mainwindow - extracting files from miktex-pixman-bin-x64-2.9.tar.lzma...
2025-11-19 19:54:37,700-0800 INFO  miktex-console.packagemanager - installing package miktex-pmx-bin-x64-2.9
2025-11-19 19:54:37,700-0800 INFO  mainwindow - downloading https://mirrors.mit.edu/CTAN/systems/win32/miktex/tm/packages/miktex-pmx-bin-x64-2.9.tar.lzma...
2025-11-19 19:54:37,700-0800 INFO  miktex-console.packagemanager - going to download https://mirrors.mit.edu/CTAN/systems/win32/miktex/tm/packages/miktex-pmx-bin-x64-2.9.tar.lzma
2025-11-19 19:54:38,632-0800 INFO  mainwindow - 0.25 MB, 2.12 Mbit/s
2025-11-19 19:54:38,688-0800 INFO  mainwindow - extracting files from miktex-pmx-bin-x64-2.9.tar.lzma...
2025-11-19 19:54:38,889-0800 INFO  miktex-console.packagemanager - installing package miktex-png-bin-x64-2.9
2025-11-19 19:54:38,890-0800 INFO  mainwindow - downloading https://mirrors.mit.edu/CTAN/systems/win32/miktex/tm/packages/miktex-png-bin-x64-2.9.tar.lzma...
2025-11-19 19:54:38,890-0800 INFO  miktex-console.packagemanager - going to download https://mirrors.mit.edu/CTAN/systems/win32/miktex/tm/packages/miktex-png-bin-x64-2.9.tar.lzma
2025-11-19 19:54:39,214-0800 INFO  mainwindow - 0.09 MB, 2.22 Mbit/s
2025-11-19 19:54:39,260-0800 INFO  mainwindow - extracting files from miktex-png-bin-x64-2.9.tar.lzma...
2025-11-19 19:54:39,499-0800 INFO  miktex-console.packagemanager - installing package miktex-poppler-bin-x64-2.9
2025-11-19 19:54:39,499-0800 INFO  mainwindow - downloading https://mirrors.mit.edu/CTAN/systems/win32/miktex/tm/packages/miktex-poppler-bin-x64-2.9.tar.lzma...
2025-11-19 19:54:39,499-0800 INFO  miktex-console.packagemanager - going to download https://mirrors.mit.edu/CTAN/systems/win32/miktex/tm/packages/miktex-poppler-bin-x64-2.9.tar.lzma
2025-11-19 19:54:41,637-0800 INFO  mainwindow - 1.63 MB, 6.12 Mbit/s
2025-11-19 19:54:41,775-0800 INFO  mainwindow - extracting files from miktex-poppler-bin-x64-2.9.tar.lzma...
2025-11-19 19:54:45,399-0800 INFO  miktex-console.packagemanager - installing package miktex-popt-bin-x64-2.9
2025-11-19 19:54:45,400-0800 INFO  mainwindow - downloading https://mirrors.mit.edu/CTAN/systems/win32/miktex/tm/packages/miktex-popt-bin-x64-2.9.tar.lzma...
2025-11-19 19:54:45,400-0800 INFO  miktex-console.packagemanager - going to download https://mirrors.mit.edu/CTAN/systems/win32/miktex/tm/packages/miktex-popt-bin-x64-2.9.tar.lzma
2025-11-19 19:54:45,640-0800 INFO  mainwindow - 0.02 MB, 0.82 Mbit/s
2025-11-19 19:54:45,655-0800 ERROR miktex-console.core - Access is denied.

2025-11-19 19:54:45,655-0800 ERROR miktex-console.core - Function: DeleteFileW
2025-11-19 19:54:45,655-0800 ERROR miktex-console.core - Result: 5
2025-11-19 19:54:45,655-0800 ERROR miktex-console.core - Data: path="D:\miktex-portable\texmfs\install\miktex\bin\x64\MiKTeX240100-popt.dll"
2025-11-19 19:54:45,655-0800 ERROR miktex-console.core - Source: Libraries\MiKTeX\Core\File\win\winFile.cpp:320
2025-11-19 19:54:45,685-0800 INFO  mainwindow - extracting files from miktex-popt-bin-x64-2.9.tar.lzma...
2025-11-19 19:54:45,908-0800 INFO  miktex-console.packagemanager - installing package miktex-posix-bin-x64-2.9
2025-11-19 19:54:45,909-0800 INFO  mainwindow - downloading https://mirrors.mit.edu/CTAN/systems/win32/miktex/tm/packages/miktex-posix-bin-x64-2.9.tar.lzma...
2025-11-19 19:54:45,909-0800 INFO  miktex-console.packagemanager - going to download https://mirrors.mit.edu/CTAN/systems/win32/miktex/tm/packages/miktex-posix-bin-x64-2.9.tar.lzma
2025-11-19 19:54:46,368-0800 INFO  mainwindow - 0.04 MB, 0.66 Mbit/s
2025-11-19 19:54:46,421-0800 INFO  mainwindow - extracting files from miktex-posix-bin-x64-2.9.tar.lzma...
2025-11-19 19:54:46,765-0800 INFO  miktex-console.packagemanager - installing package miktex-ps2pk-bin-x64-2.9
2025-11-19 19:54:46,766-0800 INFO  mainwindow - downloading https://mirrors.mit.edu/CTAN/systems/win32/miktex/tm/packages/miktex-ps2pk-bin-x64-2.9.tar.lzma...
2025-11-19 19:54:46,766-0800 INFO  miktex-console.packagemanager - going to download https://mirrors.mit.edu/CTAN/systems/win32/miktex/tm/packages/miktex-ps2pk-bin-x64-2.9.tar.lzma
2025-11-19 19:54:47,011-0800 INFO  mainwindow - 0.08 MB, 2.49 Mbit/s
2025-11-19 19:54:47,063-0800 INFO  mainwindow - extracting files from miktex-ps2pk-bin-x64-2.9.tar.lzma...
2025-11-19 19:54:47,207-0800 INFO  miktex-console.packagemanager - installing package miktex-psutils-bin-x64-2.9
2025-11-19 19:54:47,208-0800 INFO  mainwindow - downloading https://mirrors.mit.edu/CTAN/systems/win32/miktex/tm/packages/miktex-psutils-bin-x64-2.9.tar.lzma...
2025-11-19 19:54:47,208-0800 INFO  miktex-console.packagemanager - going to download https://mirrors.mit.edu/CTAN/systems/win32/miktex/tm/packages/miktex-psutils-bin-x64-2.9.tar.lzma
2025-11-19 19:54:47,505-0800 INFO  mainwindow - 0.06 MB, 1.68 Mbit/s
2025-11-19 19:54:47,602-0800 INFO  mainwindow - extracting files from miktex-psutils-bin-x64-2.9.tar.lzma...
2025-11-19 19:54:47,973-0800 INFO  miktex-console.packagemanager - installing package miktex-ptex-bin-x64
2025-11-19 19:54:47,973-0800 INFO  mainwindow - downloading https://mirrors.mit.edu/CTAN/systems/win32/miktex/tm/packages/miktex-ptex-bin-x64.tar.lzma...
2025-11-19 19:54:47,973-0800 INFO  miktex-console.packagemanager - going to download https://mirrors.mit.edu/CTAN/systems/win32/miktex/tm/packages/miktex-ptex-bin-x64.tar.lzma
2025-11-19 19:54:48,856-0800 INFO  mainwindow - 0.44 MB, 3.99 Mbit/s
2025-11-19 19:54:48,946-0800 INFO  mainwindow - extracting files from miktex-ptex-bin-x64.tar.lzma...
2025-11-19 19:54:49,536-0800 INFO  miktex-console.packagemanager - installing package miktex-qt6-bin-x64
2025-11-19 19:54:49,536-0800 INFO  mainwindow - downloading https://mirrors.mit.edu/CTAN/systems/win32/miktex/tm/packages/miktex-qt6-bin-x64.tar.lzma...
2025-11-19 19:54:49,536-0800 INFO  miktex-console.packagemanager - going to download https://mirrors.mit.edu/CTAN/systems/win32/miktex/tm/packages/miktex-qt6-bin-x64.tar.lzma
2025-11-19 19:54:51,652-0800 INFO  mainwindow - 10.19 MB, 38.54 Mbit/s
2025-11-19 19:54:51,689-0800 ERROR miktex-console.core - Access is denied.

2025-11-19 19:54:51,689-0800 ERROR miktex-console.core - Function: DeleteFileW
2025-11-19 19:54:51,689-0800 ERROR miktex-console.core - Result: 5
2025-11-19 19:54:51,690-0800 ERROR miktex-console.core - Data: path="D:\miktex-portable\texmfs\install\miktex\bin\x64\Qt6Core.dll"
2025-11-19 19:54:51,690-0800 ERROR miktex-console.core - Source: Libraries\MiKTeX\Core\File\win\winFile.cpp:320
2025-11-19 19:54:51,707-0800 ERROR miktex-console.core - Access is denied.

2025-11-19 19:54:51,707-0800 ERROR miktex-console.core - Function: DeleteFileW
2025-11-19 19:54:51,707-0800 ERROR miktex-console.core - Result: 5
2025-11-19 19:54:51,707-0800 ERROR miktex-console.core - Data: path="D:\miktex-portable\texmfs\install\miktex\bin\x64\Qt6Gui.dll"
2025-11-19 19:54:51,707-0800 ERROR miktex-console.core - Source: Libraries\MiKTeX\Core\File\win\winFile.cpp:320
2025-11-19 19:54:51,718-0800 ERROR miktex-console.core - Access is denied.

2025-11-19 19:54:51,718-0800 ERROR miktex-console.core - Function: DeleteFileW
2025-11-19 19:54:51,718-0800 ERROR miktex-console.core - Result: 5
2025-11-19 19:54:51,718-0800 ERROR miktex-console.core - Data: path="D:\miktex-portable\texmfs\install\miktex\bin\x64\platforms\qwindows.dll"
2025-11-19 19:54:51,718-0800 ERROR miktex-console.core - Source: Libraries\MiKTeX\Core\File\win\winFile.cpp:320
2025-11-19 19:54:51,728-0800 ERROR miktex-console.core - Access is denied.

2025-11-19 19:54:51,728-0800 ERROR miktex-console.core - Function: DeleteFileW
2025-11-19 19:54:51,728-0800 ERROR miktex-console.core - Result: 5
2025-11-19 19:54:51,728-0800 ERROR miktex-console.core - Data: path="D:\miktex-portable\texmfs\install\miktex\bin\x64\Qt6Widgets.dll"
2025-11-19 19:54:51,728-0800 ERROR miktex-console.core - Source: Libraries\MiKTeX\Core\File\win\winFile.cpp:320
2025-11-19 19:54:51,740-0800 ERROR miktex-console.core - Access is denied.

2025-11-19 19:54:51,740-0800 ERROR miktex-console.core - Function: DeleteFileW
2025-11-19 19:54:51,740-0800 ERROR miktex-console.core - Result: 5
2025-11-19 19:54:51,740-0800 ERROR miktex-console.core - Data: path="D:\miktex-portable\texmfs\install\miktex\bin\x64\styles\qwindowsvistastyle.dll"
2025-11-19 19:54:51,740-0800 ERROR miktex-console.core - Source: Libraries\MiKTeX\Core\File\win\winFile.cpp:320
2025-11-19 19:54:51,782-0800 INFO  mainwindow - extracting files from miktex-qt6-bin-x64.tar.lzma...
2025-11-19 19:54:58,585-0800 INFO  miktex-console.packagemanager - installing package miktex-runtime-bin-x64-2.9
2025-11-19 19:54:58,585-0800 INFO  mainwindow - downloading https://mirrors.mit.edu/CTAN/systems/win32/miktex/tm/packages/miktex-runtime-bin-x64-2.9.tar.lzma...
2025-11-19 19:54:58,585-0800 INFO  miktex-console.packagemanager - going to download https://mirrors.mit.edu/CTAN/systems/win32/miktex/tm/packages/miktex-runtime-bin-x64-2.9.tar.lzma
2025-11-19 19:54:59,691-0800 INFO  mainwindow - 1.58 MB, 11.47 Mbit/s
2025-11-19 19:54:59,728-0800 ERROR miktex-console.core - Access is denied.

2025-11-19 19:54:59,728-0800 ERROR miktex-console.core - Function: DeleteFileW
2025-11-19 19:54:59,728-0800 ERROR miktex-console.core - Result: 5
2025-11-19 19:54:59,728-0800 ERROR miktex-console.core - Data: path="D:\miktex-portable\texmfs\install\miktex\bin\x64\MiKTeX240100-ui-Qt.dll"
2025-11-19 19:54:59,728-0800 ERROR miktex-console.core - Source: Libraries\MiKTeX\Core\File\win\winFile.cpp:320
2025-11-19 19:54:59,732-0800 ERROR miktex-console.core - Access is denied.

2025-11-19 19:54:59,733-0800 ERROR miktex-console.core - Function: DeleteFileW
2025-11-19 19:54:59,733-0800 ERROR miktex-console.core - Result: 5
2025-11-19 19:54:59,733-0800 ERROR miktex-console.core - Data: path="D:\miktex-portable\texmfs\install\miktex\bin\x64\MiKTeX240100-setup.dll"
2025-11-19 19:54:59,733-0800 ERROR miktex-console.core - Source: Libraries\MiKTeX\Core\File\win\winFile.cpp:320
2025-11-19 19:54:59,770-0800 ERROR miktex-console.core - Access is denied.

2025-11-19 19:54:59,771-0800 ERROR miktex-console.core - Function: DeleteFileW
2025-11-19 19:54:59,771-0800 ERROR miktex-console.core - Result: 5
2025-11-19 19:54:59,771-0800 ERROR miktex-console.core - Data: path="D:\miktex-portable\texmfs\install\miktex\bin\x64\MiKTeX240100-res.dll"
2025-11-19 19:54:59,771-0800 ERROR miktex-console.core - Source: Libraries\MiKTeX\Core\File\win\winFile.cpp:320
2025-11-19 19:54:59,775-0800 ERROR miktex-console.core - Access is denied.

2025-11-19 19:54:59,775-0800 ERROR miktex-console.core - Function: DeleteFileW
2025-11-19 19:54:59,775-0800 ERROR miktex-console.core - Result: 5
2025-11-19 19:54:59,775-0800 ERROR miktex-console.core - Data: path="D:\miktex-portable\texmfs\install\miktex\bin\x64\MiKTeX240100-trace.dll"
2025-11-19 19:54:59,775-0800 ERROR miktex-console.core - Source: Libraries\MiKTeX\Core\File\win\winFile.cpp:320
2025-11-19 19:54:59,793-0800 ERROR miktex-console.core - Access is denied.

2025-11-19 19:54:59,793-0800 ERROR miktex-console.core - Function: DeleteFileW
2025-11-19 19:54:59,793-0800 ERROR miktex-console.core - Result: 5
2025-11-19 19:54:59,793-0800 ERROR miktex-console.core - Data: path="D:\miktex-portable\texmfs\install\miktex\bin\x64\MiKTeX240100-core.dll"
2025-11-19 19:54:59,793-0800 ERROR miktex-console.core - Source: Libraries\MiKTeX\Core\File\win\winFile.cpp:320
2025-11-19 19:54:59,798-0800 ERROR miktex-console.core - Access is denied.

2025-11-19 19:54:59,798-0800 ERROR miktex-console.core - Function: DeleteFileW
2025-11-19 19:54:59,798-0800 ERROR miktex-console.core - Result: 5
2025-11-19 19:54:59,798-0800 ERROR miktex-console.core - Data: path="D:\miktex-portable\texmfs\install\miktex\bin\x64\MiKTeX240100-extractor.dll"
2025-11-19 19:54:59,798-0800 ERROR miktex-console.core - Source: Libraries\MiKTeX\Core\File\win\winFile.cpp:320
2025-11-19 19:54:59,817-0800 ERROR miktex-console.core - Access is denied.

2025-11-19 19:54:59,817-0800 ERROR miktex-console.core - Function: DeleteFileW
2025-11-19 19:54:59,817-0800 ERROR miktex-console.core - Result: 5
2025-11-19 19:54:59,817-0800 ERROR miktex-console.core - Data: path="D:\miktex-portable\texmfs\install\miktex\bin\x64\MiKTeX240100-utf8wrap.dll"
2025-11-19 19:54:59,817-0800 ERROR miktex-console.core - Source: Libraries\MiKTeX\Core\File\win\winFile.cpp:320
2025-11-19 19:54:59,830-0800 ERROR miktex-console.core - Access is denied.

2025-11-19 19:54:59,830-0800 ERROR miktex-console.core - Function: DeleteFileW
2025-11-19 19:54:59,830-0800 ERROR miktex-console.core - Result: 5
2025-11-19 19:54:59,830-0800 ERROR miktex-console.core - Data: path="D:\miktex-portable\texmfs\install\miktex\bin\x64\MiKTeX240100-util.dll"
2025-11-19 19:54:59,830-0800 ERROR miktex-console.core - Source: Libraries\MiKTeX\Core\File\win\winFile.cpp:320
2025-11-19 19:54:59,835-0800 ERROR miktex-console.core - Access is denied.

2025-11-19 19:54:59,835-0800 ERROR miktex-console.core - Function: DeleteFileW
2025-11-19 19:54:59,835-0800 ERROR miktex-console.core - Result: 5
2025-11-19 19:54:59,835-0800 ERROR miktex-console.core - Data: path="D:\miktex-portable\texmfs\install\miktex\bin\x64\MiKTeX240100-loc.dll"
2025-11-19 19:54:59,835-0800 ERROR miktex-console.core - Source: Libraries\MiKTeX\Core\File\win\winFile.cpp:320
2025-11-19 19:54:59,839-0800 ERROR miktex-console.core - Access is denied.

2025-11-19 19:54:59,839-0800 ERROR miktex-console.core - Function: DeleteFileW
2025-11-19 19:54:59,840-0800 ERROR miktex-console.core - Result: 5
2025-11-19 19:54:59,840-0800 ERROR miktex-console.core - Data: path="D:\miktex-portable\texmfs\install\miktex\bin\x64\MiKTeX240100-packagemanager.dll"
2025-11-19 19:54:59,840-0800 ERROR miktex-console.core - Source: Libraries\MiKTeX\Core\File\win\winFile.cpp:320
2025-11-19 19:55:04,576-0800 INFO  mainwindow - extracting files from miktex-runtime-bin-x64-2.9.tar.lzma...
2025-11-19 19:55:09,911-0800 INFO  miktex-console.packagemanager - installing package miktex-synctex-bin-x64-2.9
2025-11-19 19:55:09,912-0800 INFO  mainwindow - downloading https://mirrors.mit.edu/CTAN/systems/win32/miktex/tm/packages/miktex-synctex-bin-x64-2.9.tar.lzma...
2025-11-19 19:55:09,912-0800 INFO  miktex-console.packagemanager - going to download https://mirrors.mit.edu/CTAN/systems/win32/miktex/tm/packages/miktex-synctex-bin-x64-2.9.tar.lzma
2025-11-19 19:55:10,215-0800 INFO  mainwindow - 0.06 MB, 1.47 Mbit/s
2025-11-19 19:55:10,263-0800 INFO  mainwindow - extracting files from miktex-synctex-bin-x64-2.9.tar.lzma...
2025-11-19 19:55:10,363-0800 INFO  miktex-console.packagemanager - installing package miktex-tdsutil-bin-x64
2025-11-19 19:55:10,363-0800 INFO  mainwindow - downloading https://mirrors.mit.edu/CTAN/systems/win32/miktex/tm/packages/miktex-tdsutil-bin-x64.tar.lzma...
2025-11-19 19:55:10,363-0800 INFO  miktex-console.packagemanager - going to download https://mirrors.mit.edu/CTAN/systems/win32/miktex/tm/packages/miktex-tdsutil-bin-x64.tar.lzma
2025-11-19 19:55:10,495-0800 INFO  mainwindow - 0.07 MB, 4.00 Mbit/s
2025-11-19 19:55:10,541-0800 INFO  mainwindow - extracting files from miktex-tdsutil-bin-x64.tar.lzma...
2025-11-19 19:55:10,642-0800 INFO  miktex-console.packagemanager - installing package miktex-teckit-bin-x64-2.9
2025-11-19 19:55:10,643-0800 INFO  mainwindow - downloading https://mirrors.mit.edu/CTAN/systems/win32/miktex/tm/packages/miktex-teckit-bin-x64-2.9.tar.lzma...
2025-11-19 19:55:10,643-0800 INFO  miktex-console.packagemanager - going to download https://mirrors.mit.edu/CTAN/systems/win32/miktex/tm/packages/miktex-teckit-bin-x64-2.9.tar.lzma
2025-11-19 19:55:11,084-0800 INFO  mainwindow - 0.03 MB, 0.49 Mbit/s
2025-11-19 19:55:11,131-0800 INFO  mainwindow - extracting files from miktex-teckit-bin-x64-2.9.tar.lzma...
2025-11-19 19:55:11,357-0800 INFO  miktex-console.packagemanager - installing package miktex-tex-bin-x64-2.9
2025-11-19 19:55:11,358-0800 INFO  mainwindow - downloading https://mirrors.mit.edu/CTAN/systems/win32/miktex/tm/packages/miktex-tex-bin-x64-2.9.tar.lzma...
2025-11-19 19:55:11,358-0800 INFO  miktex-console.packagemanager - going to download https://mirrors.mit.edu/CTAN/systems/win32/miktex/tm/packages/miktex-tex-bin-x64-2.9.tar.lzma
2025-11-19 19:55:11,686-0800 INFO  mainwindow - 0.18 MB, 4.30 Mbit/s
2025-11-19 19:55:11,731-0800 INFO  mainwindow - extracting files from miktex-tex-bin-x64-2.9.tar.lzma...
2025-11-19 19:55:11,851-0800 INFO  miktex-console.packagemanager - installing package miktex-tex2xindy-bin-x64-2.9
2025-11-19 19:55:11,852-0800 INFO  mainwindow - downloading https://mirrors.mit.edu/CTAN/systems/win32/miktex/tm/packages/miktex-tex2xindy-bin-x64-2.9.tar.lzma...
2025-11-19 19:55:11,852-0800 INFO  miktex-console.packagemanager - going to download https://mirrors.mit.edu/CTAN/systems/win32/miktex/tm/packages/miktex-tex2xindy-bin-x64-2.9.tar.lzma
2025-11-19 19:55:12,004-0800 INFO  mainwindow - 0.02 MB, 1.11 Mbit/s
2025-11-19 19:55:12,049-0800 INFO  mainwindow - extracting files from miktex-tex2xindy-bin-x64-2.9.tar.lzma...
2025-11-19 19:55:12,143-0800 INFO  miktex-console.packagemanager - installing package miktex-tex4ht-bin-x64-2.9
2025-11-19 19:55:12,144-0800 INFO  mainwindow - downloading https://mirrors.mit.edu/CTAN/systems/win32/miktex/tm/packages/miktex-tex4ht-bin-x64-2.9.tar.lzma...
2025-11-19 19:55:12,144-0800 INFO  miktex-console.packagemanager - going to download https://mirrors.mit.edu/CTAN/systems/win32/miktex/tm/packages/miktex-tex4ht-bin-x64-2.9.tar.lzma
2025-11-19 19:55:12,410-0800 INFO  mainwindow - 0.07 MB, 2.24 Mbit/s
2025-11-19 19:55:12,463-0800 INFO  mainwindow - extracting files from miktex-tex4ht-bin-x64-2.9.tar.lzma...
2025-11-19 19:55:12,609-0800 INFO  miktex-console.packagemanager - installing package miktex-texify-bin-x64-2.9
2025-11-19 19:55:12,609-0800 INFO  mainwindow - downloading https://mirrors.mit.edu/CTAN/systems/win32/miktex/tm/packages/miktex-texify-bin-x64-2.9.tar.lzma...
2025-11-19 19:55:12,609-0800 INFO  miktex-console.packagemanager - going to download https://mirrors.mit.edu/CTAN/systems/win32/miktex/tm/packages/miktex-texify-bin-x64-2.9.tar.lzma
2025-11-19 19:55:12,828-0800 INFO  mainwindow - 0.07 MB, 2.62 Mbit/s
2025-11-19 19:55:12,873-0800 INFO  mainwindow - extracting files from miktex-texify-bin-x64-2.9.tar.lzma...
2025-11-19 19:55:12,977-0800 INFO  miktex-console.packagemanager - installing package miktex-texware-bin-x64-2.9
2025-11-19 19:55:12,978-0800 INFO  mainwindow - downloading https://mirrors.mit.edu/CTAN/systems/win32/miktex/tm/packages/miktex-texware-bin-x64-2.9.tar.lzma...
2025-11-19 19:55:12,978-0800 INFO  miktex-console.packagemanager - going to download https://mirrors.mit.edu/CTAN/systems/win32/miktex/tm/packages/miktex-texware-bin-x64-2.9.tar.lzma
2025-11-19 19:55:13,308-0800 INFO  mainwindow - 0.11 MB, 2.79 Mbit/s
2025-11-19 19:55:13,374-0800 INFO  mainwindow - extracting files from miktex-texware-bin-x64-2.9.tar.lzma...
2025-11-19 19:55:13,623-0800 INFO  miktex-console.packagemanager - installing package miktex-texworks-bin-x64-2.9
2025-11-19 19:55:13,624-0800 INFO  mainwindow - downloading https://mirrors.mit.edu/CTAN/systems/win32/miktex/tm/packages/miktex-texworks-bin-x64-2.9.tar.lzma...
2025-11-19 19:55:13,624-0800 INFO  miktex-console.packagemanager - going to download https://mirrors.mit.edu/CTAN/systems/win32/miktex/tm/packages/miktex-texworks-bin-x64-2.9.tar.lzma
2025-11-19 19:55:14,612-0800 INFO  mainwindow - 2.94 MB, 23.86 Mbit/s
2025-11-19 19:55:14,664-0800 INFO  mainwindow - extracting files from miktex-texworks-bin-x64-2.9.tar.lzma...
2025-11-19 19:55:19,538-0800 INFO  miktex-console.packagemanager - installing package miktex-ttf2pk2-bin-x64-2.9
2025-11-19 19:55:19,539-0800 INFO  mainwindow - downloading https://mirrors.mit.edu/CTAN/systems/win32/miktex/tm/packages/miktex-ttf2pk2-bin-x64-2.9.tar.lzma...
2025-11-19 19:55:19,539-0800 INFO  miktex-console.packagemanager - going to download https://mirrors.mit.edu/CTAN/systems/win32/miktex/tm/packages/miktex-ttf2pk2-bin-x64-2.9.tar.lzma
2025-11-19 19:55:20,103-0800 INFO  mainwindow - 0.06 MB, 0.92 Mbit/s
2025-11-19 19:55:20,157-0800 INFO  mainwindow - extracting files from miktex-ttf2pk2-bin-x64-2.9.tar.lzma...
2025-11-19 19:55:20,304-0800 INFO  miktex-console.packagemanager - installing package miktex-upmendex-bin-x64
2025-11-19 19:55:20,305-0800 INFO  mainwindow - downloading https://mirrors.mit.edu/CTAN/systems/win32/miktex/tm/packages/miktex-upmendex-bin-x64.tar.lzma...
2025-11-19 19:55:20,305-0800 INFO  miktex-console.packagemanager - going to download https://mirrors.mit.edu/CTAN/systems/win32/miktex/tm/packages/miktex-upmendex-bin-x64.tar.lzma
2025-11-19 19:55:20,714-0800 INFO  mainwindow - 0.05 MB, 0.89 Mbit/s
2025-11-19 19:55:20,760-0800 INFO  mainwindow - extracting files from miktex-upmendex-bin-x64.tar.lzma...
2025-11-19 19:55:20,859-0800 INFO  miktex-console.packagemanager - installing package miktex-uriparser-bin-x64-2.9
2025-11-19 19:55:20,859-0800 INFO  mainwindow - downloading https://mirrors.mit.edu/CTAN/systems/win32/miktex/tm/packages/miktex-uriparser-bin-x64-2.9.tar.lzma...
2025-11-19 19:55:20,859-0800 INFO  miktex-console.packagemanager - going to download https://mirrors.mit.edu/CTAN/systems/win32/miktex/tm/packages/miktex-uriparser-bin-x64-2.9.tar.lzma
2025-11-19 19:55:21,240-0800 INFO  mainwindow - 0.03 MB, 0.72 Mbit/s
2025-11-19 19:55:21,256-0800 ERROR miktex-console.core - Access is denied.

2025-11-19 19:55:21,256-0800 ERROR miktex-console.core - Function: DeleteFileW
2025-11-19 19:55:21,256-0800 ERROR miktex-console.core - Result: 5
2025-11-19 19:55:21,256-0800 ERROR miktex-console.core - Data: path="D:\miktex-portable\texmfs\install\miktex\bin\x64\MiKTeX240100-uriparser.dll"
2025-11-19 19:55:21,256-0800 ERROR miktex-console.core - Source: Libraries\MiKTeX\Core\File\win\winFile.cpp:320
2025-11-19 19:55:21,288-0800 INFO  mainwindow - extracting files from miktex-uriparser-bin-x64-2.9.tar.lzma...
2025-11-19 19:55:21,516-0800 INFO  miktex-console.packagemanager - installing package miktex-vc140-bin-x64
2025-11-19 19:55:21,516-0800 INFO  mainwindow - downloading https://mirrors.mit.edu/CTAN/systems/win32/miktex/tm/packages/miktex-vc140-bin-x64.tar.lzma...
2025-11-19 19:55:21,516-0800 INFO  miktex-console.packagemanager - going to download https://mirrors.mit.edu/CTAN/systems/win32/miktex/tm/packages/miktex-vc140-bin-x64.tar.lzma
2025-11-19 19:55:23,717-0800 INFO  mainwindow - 3.16 MB, 11.47 Mbit/s
2025-11-19 19:55:23,816-0800 ERROR miktex-console.core - Access is denied.

2025-11-19 19:55:23,816-0800 ERROR miktex-console.core - Function: DeleteFileW
2025-11-19 19:55:23,816-0800 ERROR miktex-console.core - Result: 5
2025-11-19 19:55:23,816-0800 ERROR miktex-console.core - Data: path="D:\miktex-portable\texmfs\install\miktex\bin\x64\msvcp140.dll"
2025-11-19 19:55:23,816-0800 ERROR miktex-console.core - Source: Libraries\MiKTeX\Core\File\win\winFile.cpp:320
2025-11-19 19:55:23,822-0800 ERROR miktex-console.core - Access is denied.

2025-11-19 19:55:23,822-0800 ERROR miktex-console.core - Function: DeleteFileW
2025-11-19 19:55:23,822-0800 ERROR miktex-console.core - Result: 5
2025-11-19 19:55:23,822-0800 ERROR miktex-console.core - Data: path="D:\miktex-portable\texmfs\install\miktex\bin\x64\msvcp140_1.dll"
2025-11-19 19:55:23,822-0800 ERROR miktex-console.core - Source: Libraries\MiKTeX\Core\File\win\winFile.cpp:320
2025-11-19 19:55:23,827-0800 ERROR miktex-console.core - Access is denied.

2025-11-19 19:55:23,827-0800 ERROR miktex-console.core - Function: DeleteFileW
2025-11-19 19:55:23,827-0800 ERROR miktex-console.core - Result: 5
2025-11-19 19:55:23,827-0800 ERROR miktex-console.core - Data: path="D:\miktex-portable\texmfs\install\miktex\bin\x64\msvcp140_2.dll"
2025-11-19 19:55:23,827-0800 ERROR miktex-console.core - Source: Libraries\MiKTeX\Core\File\win\winFile.cpp:320
2025-11-19 19:55:23,837-0800 ERROR miktex-console.core - Access is denied.

2025-11-19 19:55:23,837-0800 ERROR miktex-console.core - Function: DeleteFileW
2025-11-19 19:55:23,837-0800 ERROR miktex-console.core - Result: 5
2025-11-19 19:55:23,837-0800 ERROR miktex-console.core - Data: path="D:\miktex-portable\texmfs\install\miktex\bin\x64\msvcp140_codecvt_ids.dll"
2025-11-19 19:55:23,837-0800 ERROR miktex-console.core - Source: Libraries\MiKTeX\Core\File\win\winFile.cpp:320
2025-11-19 19:55:23,846-0800 ERROR miktex-console.core - Access is denied.

2025-11-19 19:55:23,846-0800 ERROR miktex-console.core - Function: DeleteFileW
2025-11-19 19:55:23,846-0800 ERROR miktex-console.core - Result: 5
2025-11-19 19:55:23,846-0800 ERROR miktex-console.core - Data: path="D:\miktex-portable\texmfs\install\miktex\bin\x64\vcruntime140.dll"
2025-11-19 19:55:23,846-0800 ERROR miktex-console.core - Source: Libraries\MiKTeX\Core\File\win\winFile.cpp:320
2025-11-19 19:55:23,850-0800 ERROR miktex-console.core - Access is denied.

2025-11-19 19:55:23,850-0800 ERROR miktex-console.core - Function: DeleteFileW
2025-11-19 19:55:23,850-0800 ERROR miktex-console.core - Result: 5
2025-11-19 19:55:23,850-0800 ERROR miktex-console.core - Data: path="D:\miktex-portable\texmfs\install\miktex\bin\x64\vcruntime140_1.dll"
2025-11-19 19:55:23,850-0800 ERROR miktex-console.core - Source: Libraries\MiKTeX\Core\File\win\winFile.cpp:320
2025-11-19 19:55:23,884-0800 INFO  mainwindow - extracting files from miktex-vc140-bin-x64.tar.lzma...
2025-11-19 19:55:33,730-0800 INFO  miktex-console.packagemanager - installing package miktex-web-bin-x64-2.9
2025-11-19 19:55:33,731-0800 INFO  mainwindow - downloading https://mirrors.mit.edu/CTAN/systems/win32/miktex/tm/packages/miktex-web-bin-x64-2.9.tar.lzma...
2025-11-19 19:55:33,731-0800 INFO  miktex-console.packagemanager - going to download https://mirrors.mit.edu/CTAN/systems/win32/miktex/tm/packages/miktex-web-bin-x64-2.9.tar.lzma
2025-11-19 19:55:34,211-0800 INFO  mainwindow - 0.08 MB, 1.29 Mbit/s
2025-11-19 19:55:34,264-0800 INFO  mainwindow - extracting files from miktex-web-bin-x64-2.9.tar.lzma...
2025-11-19 19:55:34,411-0800 INFO  miktex-console.packagemanager - installing package miktex-xetex-bin-x64-2.9
2025-11-19 19:55:34,411-0800 INFO  mainwindow - downloading https://mirrors.mit.edu/CTAN/systems/win32/miktex/tm/packages/miktex-xetex-bin-x64-2.9.tar.lzma...
2025-11-19 19:55:34,411-0800 INFO  miktex-console.packagemanager - going to download https://mirrors.mit.edu/CTAN/systems/win32/miktex/tm/packages/miktex-xetex-bin-x64-2.9.tar.lzma
2025-11-19 19:55:35,048-0800 INFO  mainwindow - 0.36 MB, 4.50 Mbit/s
2025-11-19 19:55:35,093-0800 INFO  mainwindow - extracting files from miktex-xetex-bin-x64-2.9.tar.lzma...
2025-11-19 19:55:35,254-0800 INFO  miktex-console.packagemanager - installing package miktex-xml2pmx-bin-x64
2025-11-19 19:55:35,255-0800 INFO  mainwindow - downloading https://mirrors.mit.edu/CTAN/systems/win32/miktex/tm/packages/miktex-xml2pmx-bin-x64.tar.lzma...
2025-11-19 19:55:35,255-0800 INFO  miktex-console.packagemanager - going to download https://mirrors.mit.edu/CTAN/systems/win32/miktex/tm/packages/miktex-xml2pmx-bin-x64.tar.lzma
2025-11-19 19:55:35,634-0800 INFO  mainwindow - 0.06 MB, 1.26 Mbit/s
2025-11-19 19:55:35,679-0800 INFO  mainwindow - extracting files from miktex-xml2pmx-bin-x64.tar.lzma...
2025-11-19 19:55:35,780-0800 INFO  miktex-console.packagemanager - installing package miktex-yap-bin-x64-2.9
2025-11-19 19:55:35,780-0800 INFO  mainwindow - downloading https://mirrors.mit.edu/CTAN/systems/win32/miktex/tm/packages/miktex-yap-bin-x64-2.9.tar.lzma...
2025-11-19 19:55:35,780-0800 INFO  miktex-console.packagemanager - going to download https://mirrors.mit.edu/CTAN/systems/win32/miktex/tm/packages/miktex-yap-bin-x64-2.9.tar.lzma
2025-11-19 19:55:36,501-0800 INFO  mainwindow - 0.63 MB, 6.98 Mbit/s
2025-11-19 19:55:36,563-0800 INFO  mainwindow - extracting files from miktex-yap-bin-x64-2.9.tar.lzma...
2025-11-19 19:55:36,942-0800 INFO  miktex-console.packagemanager - installing package miktex-zlib-bin-x64-2.9
2025-11-19 19:55:36,942-0800 INFO  mainwindow - downloading https://mirrors.mit.edu/CTAN/systems/win32/miktex/tm/packages/miktex-zlib-bin-x64-2.9.tar.lzma...
2025-11-19 19:55:36,942-0800 INFO  miktex-console.packagemanager - going to download https://mirrors.mit.edu/CTAN/systems/win32/miktex/tm/packages/miktex-zlib-bin-x64-2.9.tar.lzma
2025-11-19 19:55:37,201-0800 INFO  mainwindow - 0.05 MB, 1.44 Mbit/s
2025-11-19 19:55:37,216-0800 ERROR miktex-console.core - Access is denied.

2025-11-19 19:55:37,216-0800 ERROR miktex-console.core - Function: DeleteFileW
2025-11-19 19:55:37,216-0800 ERROR miktex-console.core - Result: 5
2025-11-19 19:55:37,216-0800 ERROR miktex-console.core - Data: path="D:\miktex-portable\texmfs\install\miktex\bin\x64\MiKTeX240100-zlib.dll"
2025-11-19 19:55:37,216-0800 ERROR miktex-console.core - Source: Libraries\MiKTeX\Core\File\win\winFile.cpp:320
2025-11-19 19:55:37,245-0800 INFO  mainwindow - extracting files from miktex-zlib-bin-x64-2.9.tar.lzma...
2025-11-19 19:55:37,467-0800 INFO  miktex-console.packagemanager - installing package miktex-zzip-bin-x64-2.9
2025-11-19 19:55:37,468-0800 INFO  mainwindow - downloading https://mirrors.mit.edu/CTAN/systems/win32/miktex/tm/packages/miktex-zzip-bin-x64-2.9.tar.lzma...
2025-11-19 19:55:37,468-0800 INFO  miktex-console.packagemanager - going to download https://mirrors.mit.edu/CTAN/systems/win32/miktex/tm/packages/miktex-zzip-bin-x64-2.9.tar.lzma
2025-11-19 19:55:37,883-0800 INFO  mainwindow - 0.01 MB, 0.28 Mbit/s
2025-11-19 19:55:37,938-0800 INFO  mainwindow - extracting files from miktex-zzip-bin-x64-2.9.tar.lzma...
2025-11-19 19:55:38,175-0800 INFO  miktex-console.packagemanager - installing package oberdiek
2025-11-19 19:55:38,175-0800 INFO  mainwindow - downloading https://mirrors.mit.edu/CTAN/systems/win32/miktex/tm/packages/oberdiek.tar.lzma...
2025-11-19 19:55:38,175-0800 INFO  miktex-console.packagemanager - going to download https://mirrors.mit.edu/CTAN/systems/win32/miktex/tm/packages/oberdiek.tar.lzma
2025-11-19 19:55:38,765-0800 INFO  mainwindow - 0.04 MB, 0.48 Mbit/s
2025-11-19 19:55:39,045-0800 INFO  mainwindow - extracting files from oberdiek.tar.lzma...
2025-11-19 19:55:39,906-0800 INFO  miktex-console.packagemanager - installing package pgf
2025-11-19 19:55:39,907-0800 INFO  mainwindow - downloading https://mirrors.mit.edu/CTAN/systems/win32/miktex/tm/packages/pgf.tar.lzma...
2025-11-19 19:55:39,907-0800 INFO  miktex-console.packagemanager - going to download https://mirrors.mit.edu/CTAN/systems/win32/miktex/tm/packages/pgf.tar.lzma
2025-11-19 19:55:41,096-0800 INFO  mainwindow - 0.72 MB, 4.84 Mbit/s
2025-11-19 19:56:00,098-0800 INFO  mainwindow - extracting files from pgf.tar.lzma...
2025-11-19 19:56:15,091-0800 INFO  miktex-console.packagemanager - installing package standalone
2025-11-19 19:56:15,092-0800 INFO  mainwindow - downloading https://mirrors.mit.edu/CTAN/systems/win32/miktex/tm/packages/standalone.tar.lzma...
2025-11-19 19:56:15,092-0800 INFO  miktex-console.packagemanager - going to download https://mirrors.mit.edu/CTAN/systems/win32/miktex/tm/packages/standalone.tar.lzma
2025-11-19 19:56:15,323-0800 INFO  mainwindow - 0.01 MB, 0.43 Mbit/s
2025-11-19 19:56:15,382-0800 INFO  mainwindow - extracting files from standalone.tar.lzma...
2025-11-19 19:56:15,499-0800 INFO  miktex-console.packagemanager - installing package tcolorbox
2025-11-19 19:56:15,500-0800 INFO  mainwindow - downloading https://mirrors.mit.edu/CTAN/systems/win32/miktex/tm/packages/tcolorbox.tar.lzma...
2025-11-19 19:56:15,500-0800 INFO  miktex-console.packagemanager - going to download https://mirrors.mit.edu/CTAN/systems/win32/miktex/tm/packages/tcolorbox.tar.lzma
2025-11-19 19:56:16,142-0800 INFO  mainwindow - 0.24 MB, 2.94 Mbit/s
2025-11-19 19:56:16,307-0800 INFO  mainwindow - extracting files from tcolorbox.tar.lzma...
2025-11-19 19:56:16,812-0800 INFO  miktex-console.packagemanager - installing package tex-ini-files
2025-11-19 19:56:16,812-0800 INFO  mainwindow - downloading https://mirrors.mit.edu/CTAN/systems/win32/miktex/tm/packages/tex-ini-files.tar.lzma...
2025-11-19 19:56:16,812-0800 INFO  miktex-console.packagemanager - going to download https://mirrors.mit.edu/CTAN/systems/win32/miktex/tm/packages/tex-ini-files.tar.lzma
2025-11-19 19:56:17,175-0800 INFO  mainwindow - 0.00 MB, 0.10 Mbit/s
2025-11-19 19:56:17,304-0800 INFO  mainwindow - extracting files from tex-ini-files.tar.lzma...
2025-11-19 19:56:17,612-0800 INFO  miktex-console.packagemanager - installing package unicode-data
2025-11-19 19:56:17,612-0800 INFO  mainwindow - downloading https://mirrors.mit.edu/CTAN/systems/win32/miktex/tm/packages/unicode-data.tar.lzma...
2025-11-19 19:56:17,612-0800 INFO  miktex-console.packagemanager - going to download https://mirrors.mit.edu/CTAN/systems/win32/miktex/tm/packages/unicode-data.tar.lzma
2025-11-19 19:56:18,785-0800 INFO  mainwindow - 0.32 MB, 2.17 Mbit/s
2025-11-19 19:56:18,922-0800 INFO  mainwindow - extracting files from unicode-data.tar.lzma...
2025-11-19 19:56:19,398-0800 INFO  miktex-console.packagemanager - installing package xcolor
2025-11-19 19:56:19,399-0800 INFO  mainwindow - downloading https://mirrors.mit.edu/CTAN/systems/win32/miktex/tm/packages/xcolor.tar.lzma...
2025-11-19 19:56:19,399-0800 INFO  miktex-console.packagemanager - going to download https://mirrors.mit.edu/CTAN/systems/win32/miktex/tm/packages/xcolor.tar.lzma
2025-11-19 19:56:19,640-0800 INFO  mainwindow - 0.02 MB, 0.61 Mbit/s
2025-11-19 19:56:19,714-0800 INFO  mainwindow - extracting files from xcolor.tar.lzma...
2025-11-19 19:56:19,896-0800 INFO  miktex-console.packagemanager - going to remove ms
2025-11-19 19:56:19,896-0800 INFO  mainwindow - removing package ms...
2025-11-19 19:56:19,941-0800 INFO  miktex-console.packagemanager - going to remove miktex-mpfr-bin-x64-2.9
2025-11-19 19:56:19,941-0800 INFO  mainwindow - removing package miktex-mpfr-bin-x64-2.9...
2025-11-19 19:56:51,788-0800 INFO  miktex-console.core - start process: miktex fontmaps configure
2025-11-19 19:56:53,098-0800 INFO  miktex-console.core - start process: mpm --register-components --verbose
2025-11-19 19:56:53,652-0800 INFO  miktex-console.core - start process: miktex --disable-installer --verbose fndb refresh
2025-11-19 19:56:58,424-0800 INFO  miktex-console.core - start process: miktex --disable-installer --verbose links install --force
2025-11-19 19:58:39,955-0800 INFO  miktex-console.core - start process: miktex --disable-installer --verbose fontmaps configure
2025-11-19 19:58:40,968-0800 INFO  miktex-console.core - start process: miktex --disable-installer --verbose languages configure
2025-11-19 19:58:41,347-0800 ERROR miktex-console.core - Something is wrong with the PATH:
2025-11-19 19:58:41,347-0800 ERROR miktex-console.core - C:\WINDOWS\system32;C:\WINDOWS;C:\WINDOWS\System32\Wbem;C:\WINDOWS\System32\WindowsPowerShell\v1.0\;C:\WINDOWS\System32\OpenSSH\;C:\Program Files\MATLAB\R2025b\runtime\win64;C:\Program Files\MATLAB\R2025b\bin;C:\Program Files (x86)\NVIDIA Corporation\PhysX\Common;C:\Program Files\Tailscale\;C:\Program Files\Sunshine;C:\Program Files\Sunshine\tools;C:\Program Files (x86)\Gpg4win\..\GnuPG\bin;C:\Program Files\Git\cmd;C:\Users\mod\AppData\Local\Microsoft\WindowsApps;
2025-11-19 19:58:41,567-0800 INFO  mainwindow - MiKTeX Console needs to be closed
2025-11-19 19:58:45,296-0800 INFO  miktex-console.core - starting finish script
2025-11-19 19:58:45,297-0800 INFO  miktex-console.core - start process: C:\WINDOWS\system32\cmd.exe /c C:\Users\mod\AppData\Local\Temp\mik9646\miktex-console-finish.cmd
2025-11-19 19:58:45,310-0800 INFO  main - finishing with exit code 0
